CRITICAL - 2022-04-08 02:16:05 --> Cannot modify header information - headers already sent by (output started at C:\xampp\htdocs\fil_rouge_code_igniter\app\Config\Events.php:32)
#0 [internal function]: CodeIgniter\Debug\Exceptions->errorHandler(2, 'Cannot modify h...', 'C:\\xampp\\htdocs...', 439)
#1 C:\xampp\htdocs\fil_rouge_code_igniter\system\Debug\Toolbar.php(439): header('Content-Type: a...')
#2 C:\xampp\htdocs\fil_rouge_code_igniter\app\Config\Events.php(48): CodeIgniter\Debug\Toolbar->respond()
#3 C:\xampp\htdocs\fil_rouge_code_igniter\system\Events\Events.php(149): CodeIgniter\Events\Events::Config\{closure}()
#4 C:\xampp\htdocs\fil_rouge_code_igniter\system\CodeIgniter.php(308): CodeIgniter\Events\Events::trigger('pre_system')
#5 C:\xampp\htdocs\fil_rouge_code_igniter\public\index.php(37): CodeIgniter\CodeIgniter->run()
#6 {main}
CRITICAL - 2022-04-08 02:16:05 --> Uncaught ErrorException: Cannot modify header information - headers already sent by (output started at C:\xampp\htdocs\fil_rouge_code_igniter\app\Config\Events.php:32) in C:\xampp\htdocs\fil_rouge_code_igniter\system\Debug\Exceptions.php:112
Stack trace:
#0 [internal function]: CodeIgniter\Debug\Exceptions->errorHandler(2, 'Cannot modify h...', 'C:\\xampp\\htdocs...', 112)
#1 C:\xampp\htdocs\fil_rouge_code_igniter\system\Debug\Exceptions.php(112): header('HTTP/1.1 500 In...', true, 500)
#2 [internal function]: CodeIgniter\Debug\Exceptions->exceptionHandler(Object(ErrorException))
#3 {main}
  thrown
#0 [internal function]: CodeIgniter\Debug\Exceptions->shutdownHandler()
#1 {main}
CRITICAL - 2022-04-08 02:16:18 --> Cannot modify header information - headers already sent by (output started at C:\xampp\htdocs\fil_rouge_code_igniter\app\Config\Events.php:32)
#0 [internal function]: CodeIgniter\Debug\Exceptions->errorHandler(2, 'Cannot modify h...', 'C:\\xampp\\htdocs...', 439)
#1 C:\xampp\htdocs\fil_rouge_code_igniter\system\Debug\Toolbar.php(439): header('Content-Type: a...')
#2 C:\xampp\htdocs\fil_rouge_code_igniter\app\Config\Events.php(48): CodeIgniter\Debug\Toolbar->respond()
#3 C:\xampp\htdocs\fil_rouge_code_igniter\system\Events\Events.php(149): CodeIgniter\Events\Events::Config\{closure}()
#4 C:\xampp\htdocs\fil_rouge_code_igniter\system\CodeIgniter.php(308): CodeIgniter\Events\Events::trigger('pre_system')
#5 C:\xampp\htdocs\fil_rouge_code_igniter\public\index.php(37): CodeIgniter\CodeIgniter->run()
#6 {main}
CRITICAL - 2022-04-08 02:16:18 --> Uncaught ErrorException: Cannot modify header information - headers already sent by (output started at C:\xampp\htdocs\fil_rouge_code_igniter\app\Config\Events.php:32) in C:\xampp\htdocs\fil_rouge_code_igniter\system\Debug\Exceptions.php:112
Stack trace:
#0 [internal function]: CodeIgniter\Debug\Exceptions->errorHandler(2, 'Cannot modify h...', 'C:\\xampp\\htdocs...', 112)
#1 C:\xampp\htdocs\fil_rouge_code_igniter\system\Debug\Exceptions.php(112): header('HTTP/1.1 500 In...', true, 500)
#2 [internal function]: CodeIgniter\Debug\Exceptions->exceptionHandler(Object(ErrorException))
#3 {main}
  thrown
#0 [internal function]: CodeIgniter\Debug\Exceptions->shutdownHandler()
#1 {main}
CRITICAL - 2022-04-08 02:24:51 --> Unable to find template "all_tags.twig" (looked into: C:\xampp\htdocs\fil_rouge_code_igniter\app\Views).
#0 C:\xampp\htdocs\fil_rouge_code_igniter\vendor\twig\twig\src\Loader\FilesystemLoader.php(131): Twig\Loader\FilesystemLoader->findTemplate('all_tags.twig')
#1 C:\xampp\htdocs\fil_rouge_code_igniter\vendor\twig\twig\src\Environment.php(261): Twig\Loader\FilesystemLoader->getCacheKey('all_tags.twig')
#2 C:\xampp\htdocs\fil_rouge_code_igniter\vendor\twig\twig\src\Environment.php(309): Twig\Environment->getTemplateClass('all_tags.twig')
#3 C:\xampp\htdocs\fil_rouge_code_igniter\vendor\twig\twig\src\Environment.php(277): Twig\Environment->load('all_tags.twig')
#4 C:\xampp\htdocs\fil_rouge_code_igniter\vendor\kenjis\codeigniter-ss-twig\src\CI4Twig\Twig.php(177): Twig\Environment->render('all_tags.twig', Array)
#5 C:\xampp\htdocs\fil_rouge_code_igniter\app\Controllers\Tags.php(11): Kenjis\CI4Twig\Twig->render('all_tags.twig', Array)
#6 C:\xampp\htdocs\fil_rouge_code_igniter\system\CodeIgniter.php(832): App\Controllers\Tags->all()
#7 C:\xampp\htdocs\fil_rouge_code_igniter\system\CodeIgniter.php(419): CodeIgniter\CodeIgniter->runController(Object(App\Controllers\Tags))
#8 C:\xampp\htdocs\fil_rouge_code_igniter\system\CodeIgniter.php(326): CodeIgniter\CodeIgniter->handleRequest(NULL, Object(Config\Cache), false)
#9 C:\xampp\htdocs\fil_rouge_code_igniter\public\index.php(39): CodeIgniter\CodeIgniter->run()
#10 {main}
CRITICAL - 2022-04-08 02:27:11 --> Unable to find template "tags/all_tags.twig" (looked into: C:\xampp\htdocs\fil_rouge_code_igniter\app\Views).
#0 C:\xampp\htdocs\fil_rouge_code_igniter\vendor\twig\twig\src\Loader\FilesystemLoader.php(131): Twig\Loader\FilesystemLoader->findTemplate('tags/all_tags.t...')
#1 C:\xampp\htdocs\fil_rouge_code_igniter\vendor\twig\twig\src\Environment.php(261): Twig\Loader\FilesystemLoader->getCacheKey('tags/all_tags.t...')
#2 C:\xampp\htdocs\fil_rouge_code_igniter\vendor\twig\twig\src\Environment.php(309): Twig\Environment->getTemplateClass('tags/all_tags.t...')
#3 C:\xampp\htdocs\fil_rouge_code_igniter\vendor\twig\twig\src\Environment.php(277): Twig\Environment->load('tags/all_tags.t...')
#4 C:\xampp\htdocs\fil_rouge_code_igniter\vendor\kenjis\codeigniter-ss-twig\src\CI4Twig\Twig.php(177): Twig\Environment->render('tags/all_tags.t...', Array)
#5 C:\xampp\htdocs\fil_rouge_code_igniter\app\Controllers\Tags.php(11): Kenjis\CI4Twig\Twig->render('tags/all_tags.t...', Array)
#6 C:\xampp\htdocs\fil_rouge_code_igniter\system\CodeIgniter.php(832): App\Controllers\Tags->all()
#7 C:\xampp\htdocs\fil_rouge_code_igniter\system\CodeIgniter.php(419): CodeIgniter\CodeIgniter->runController(Object(App\Controllers\Tags))
#8 C:\xampp\htdocs\fil_rouge_code_igniter\system\CodeIgniter.php(326): CodeIgniter\CodeIgniter->handleRequest(NULL, Object(Config\Cache), false)
#9 C:\xampp\htdocs\fil_rouge_code_igniter\public\index.php(39): CodeIgniter\CodeIgniter->run()
#10 {main}
CRITICAL - 2022-04-08 03:31:56 --> Object of class App\Entities\Tags could not be converted to string
#0 C:\xampp\htdocs\fil_rouge_code_igniter\vendor\twig\twig\src\Template.php(394): __TwigTemplate_87c1af6e55e13676320668597220db33->doDisplay(Array, Array)
#1 C:\xampp\htdocs\fil_rouge_code_igniter\vendor\twig\twig\src\Template.php(367): Twig\Template->displayWithErrorHandling(Array, Array)
#2 C:\xampp\htdocs\fil_rouge_code_igniter\vendor\twig\twig\src\Template.php(379): Twig\Template->display(Array)
#3 C:\xampp\htdocs\fil_rouge_code_igniter\vendor\twig\twig\src\TemplateWrapper.php(40): Twig\Template->render(Array, Array)
#4 C:\xampp\htdocs\fil_rouge_code_igniter\vendor\twig\twig\src\Environment.php(277): Twig\TemplateWrapper->render(Array)
#5 C:\xampp\htdocs\fil_rouge_code_igniter\vendor\kenjis\codeigniter-ss-twig\src\CI4Twig\Twig.php(177): Twig\Environment->render('tags/one_tag.ht...', Array)
#6 C:\xampp\htdocs\fil_rouge_code_igniter\vendor\kenjis\codeigniter-ss-twig\src\CI4Twig\Twig.php(156): Kenjis\CI4Twig\Twig->render('tags/one_tag.ht...', Array)
#7 C:\xampp\htdocs\fil_rouge_code_igniter\app\Controllers\Tags.php(39): Kenjis\CI4Twig\Twig->display('tags/one_tag.ht...', Array)
#8 C:\xampp\htdocs\fil_rouge_code_igniter\system\CodeIgniter.php(832): App\Controllers\Tags->one('2')
#9 C:\xampp\htdocs\fil_rouge_code_igniter\system\CodeIgniter.php(419): CodeIgniter\CodeIgniter->runController(Object(App\Controllers\Tags))
#10 C:\xampp\htdocs\fil_rouge_code_igniter\system\CodeIgniter.php(326): CodeIgniter\CodeIgniter->handleRequest(NULL, Object(Config\Cache), false)
#11 C:\xampp\htdocs\fil_rouge_code_igniter\public\index.php(39): CodeIgniter\CodeIgniter->run()
#12 {main}
CRITICAL - 2022-04-08 04:19:38 --> A template that extends another one cannot include content outside Twig blocks. Did you forget to put the content inside a {% block %} tag?
#0 C:\xampp\htdocs\fil_rouge_code_igniter\vendor\twig\twig\src\Parser.php(341): Twig\Parser->filterBodyNodes(Object(Twig\Node\TextNode), false)
#1 C:\xampp\htdocs\fil_rouge_code_igniter\vendor\twig\twig\src\Parser.php(85): Twig\Parser->filterBodyNodes(Object(Twig\Node\Node))
#2 C:\xampp\htdocs\fil_rouge_code_igniter\vendor\twig\twig\src\Environment.php(488): Twig\Parser->parse(Object(Twig\TokenStream))
#3 C:\xampp\htdocs\fil_rouge_code_igniter\vendor\twig\twig\src\Environment.php(516): Twig\Environment->parse(Object(Twig\TokenStream))
#4 C:\xampp\htdocs\fil_rouge_code_igniter\vendor\twig\twig\src\Environment.php(348): Twig\Environment->compileSource(Object(Twig\Source))
#5 C:\xampp\htdocs\fil_rouge_code_igniter\vendor\twig\twig\src\Environment.php(309): Twig\Environment->loadTemplate('__TwigTemplate_...', 'tags/all_tags.h...')
#6 C:\xampp\htdocs\fil_rouge_code_igniter\vendor\twig\twig\src\Environment.php(277): Twig\Environment->load('tags/all_tags.h...')
#7 C:\xampp\htdocs\fil_rouge_code_igniter\vendor\kenjis\codeigniter-ss-twig\src\CI4Twig\Twig.php(177): Twig\Environment->render('tags/all_tags.h...', Array)
#8 C:\xampp\htdocs\fil_rouge_code_igniter\vendor\kenjis\codeigniter-ss-twig\src\CI4Twig\Twig.php(156): Kenjis\CI4Twig\Twig->render('tags/all_tags.h...', Array)
#9 C:\xampp\htdocs\fil_rouge_code_igniter\app\Controllers\Tags.php(11): Kenjis\CI4Twig\Twig->display('tags/all_tags.h...', Array)
#10 C:\xampp\htdocs\fil_rouge_code_igniter\system\CodeIgniter.php(832): App\Controllers\Tags->all()
#11 C:\xampp\htdocs\fil_rouge_code_igniter\system\CodeIgniter.php(419): CodeIgniter\CodeIgniter->runController(Object(App\Controllers\Tags))
#12 C:\xampp\htdocs\fil_rouge_code_igniter\system\CodeIgniter.php(326): CodeIgniter\CodeIgniter->handleRequest(NULL, Object(Config\Cache), false)
#13 C:\xampp\htdocs\fil_rouge_code_igniter\public\index.php(39): CodeIgniter\CodeIgniter->run()
#14 {main}
CRITICAL - 2022-04-08 04:22:06 --> A template that extends another one cannot include content outside Twig blocks. Did you forget to put the content inside a {% block %} tag?
#0 C:\xampp\htdocs\fil_rouge_code_igniter\vendor\twig\twig\src\Parser.php(341): Twig\Parser->filterBodyNodes(Object(Twig\Node\TextNode), false)
#1 C:\xampp\htdocs\fil_rouge_code_igniter\vendor\twig\twig\src\Parser.php(85): Twig\Parser->filterBodyNodes(Object(Twig\Node\Node))
#2 C:\xampp\htdocs\fil_rouge_code_igniter\vendor\twig\twig\src\Environment.php(488): Twig\Parser->parse(Object(Twig\TokenStream))
#3 C:\xampp\htdocs\fil_rouge_code_igniter\vendor\twig\twig\src\Environment.php(516): Twig\Environment->parse(Object(Twig\TokenStream))
#4 C:\xampp\htdocs\fil_rouge_code_igniter\vendor\twig\twig\src\Environment.php(348): Twig\Environment->compileSource(Object(Twig\Source))
#5 C:\xampp\htdocs\fil_rouge_code_igniter\vendor\twig\twig\src\Environment.php(309): Twig\Environment->loadTemplate('__TwigTemplate_...', 'tags/all_tags.h...')
#6 C:\xampp\htdocs\fil_rouge_code_igniter\vendor\twig\twig\src\Environment.php(277): Twig\Environment->load('tags/all_tags.h...')
#7 C:\xampp\htdocs\fil_rouge_code_igniter\vendor\kenjis\codeigniter-ss-twig\src\CI4Twig\Twig.php(177): Twig\Environment->render('tags/all_tags.h...', Array)
#8 C:\xampp\htdocs\fil_rouge_code_igniter\vendor\kenjis\codeigniter-ss-twig\src\CI4Twig\Twig.php(156): Kenjis\CI4Twig\Twig->render('tags/all_tags.h...', Array)
#9 C:\xampp\htdocs\fil_rouge_code_igniter\app\Controllers\Tags.php(11): Kenjis\CI4Twig\Twig->display('tags/all_tags.h...', Array)
#10 C:\xampp\htdocs\fil_rouge_code_igniter\system\CodeIgniter.php(832): App\Controllers\Tags->all()
#11 C:\xampp\htdocs\fil_rouge_code_igniter\system\CodeIgniter.php(419): CodeIgniter\CodeIgniter->runController(Object(App\Controllers\Tags))
#12 C:\xampp\htdocs\fil_rouge_code_igniter\system\CodeIgniter.php(326): CodeIgniter\CodeIgniter->handleRequest(NULL, Object(Config\Cache), false)
#13 C:\xampp\htdocs\fil_rouge_code_igniter\public\index.php(39): CodeIgniter\CodeIgniter->run()
#14 {main}
CRITICAL - 2022-04-08 04:22:44 --> A template that extends another one cannot include content outside Twig blocks. Did you forget to put the content inside a {% block %} tag?
#0 C:\xampp\htdocs\fil_rouge_code_igniter\vendor\twig\twig\src\Parser.php(341): Twig\Parser->filterBodyNodes(Object(Twig\Node\TextNode), false)
#1 C:\xampp\htdocs\fil_rouge_code_igniter\vendor\twig\twig\src\Parser.php(85): Twig\Parser->filterBodyNodes(Object(Twig\Node\Node))
#2 C:\xampp\htdocs\fil_rouge_code_igniter\vendor\twig\twig\src\Environment.php(488): Twig\Parser->parse(Object(Twig\TokenStream))
#3 C:\xampp\htdocs\fil_rouge_code_igniter\vendor\twig\twig\src\Environment.php(516): Twig\Environment->parse(Object(Twig\TokenStream))
#4 C:\xampp\htdocs\fil_rouge_code_igniter\vendor\twig\twig\src\Environment.php(348): Twig\Environment->compileSource(Object(Twig\Source))
#5 C:\xampp\htdocs\fil_rouge_code_igniter\vendor\twig\twig\src\Environment.php(309): Twig\Environment->loadTemplate('__TwigTemplate_...', 'tags/all_tags.h...')
#6 C:\xampp\htdocs\fil_rouge_code_igniter\vendor\twig\twig\src\Environment.php(277): Twig\Environment->load('tags/all_tags.h...')
#7 C:\xampp\htdocs\fil_rouge_code_igniter\vendor\kenjis\codeigniter-ss-twig\src\CI4Twig\Twig.php(177): Twig\Environment->render('tags/all_tags.h...', Array)
#8 C:\xampp\htdocs\fil_rouge_code_igniter\vendor\kenjis\codeigniter-ss-twig\src\CI4Twig\Twig.php(156): Kenjis\CI4Twig\Twig->render('tags/all_tags.h...', Array)
#9 C:\xampp\htdocs\fil_rouge_code_igniter\app\Controllers\Tags.php(11): Kenjis\CI4Twig\Twig->display('tags/all_tags.h...', Array)
#10 C:\xampp\htdocs\fil_rouge_code_igniter\system\CodeIgniter.php(832): App\Controllers\Tags->all()
#11 C:\xampp\htdocs\fil_rouge_code_igniter\system\CodeIgniter.php(419): CodeIgniter\CodeIgniter->runController(Object(App\Controllers\Tags))
#12 C:\xampp\htdocs\fil_rouge_code_igniter\system\CodeIgniter.php(326): CodeIgniter\CodeIgniter->handleRequest(NULL, Object(Config\Cache), false)
#13 C:\xampp\htdocs\fil_rouge_code_igniter\public\index.php(39): CodeIgniter\CodeIgniter->run()
#14 {main}
CRITICAL - 2022-04-08 04:23:12 --> A template that extends another one cannot include content outside Twig blocks. Did you forget to put the content inside a {% block %} tag?
#0 C:\xampp\htdocs\fil_rouge_code_igniter\vendor\twig\twig\src\Parser.php(341): Twig\Parser->filterBodyNodes(Object(Twig\Node\TextNode), false)
#1 C:\xampp\htdocs\fil_rouge_code_igniter\vendor\twig\twig\src\Parser.php(85): Twig\Parser->filterBodyNodes(Object(Twig\Node\Node))
#2 C:\xampp\htdocs\fil_rouge_code_igniter\vendor\twig\twig\src\Environment.php(488): Twig\Parser->parse(Object(Twig\TokenStream))
#3 C:\xampp\htdocs\fil_rouge_code_igniter\vendor\twig\twig\src\Environment.php(516): Twig\Environment->parse(Object(Twig\TokenStream))
#4 C:\xampp\htdocs\fil_rouge_code_igniter\vendor\twig\twig\src\Environment.php(348): Twig\Environment->compileSource(Object(Twig\Source))
#5 C:\xampp\htdocs\fil_rouge_code_igniter\vendor\twig\twig\src\Environment.php(309): Twig\Environment->loadTemplate('__TwigTemplate_...', 'tags/all_tags.h...')
#6 C:\xampp\htdocs\fil_rouge_code_igniter\vendor\twig\twig\src\Environment.php(277): Twig\Environment->load('tags/all_tags.h...')
#7 C:\xampp\htdocs\fil_rouge_code_igniter\vendor\kenjis\codeigniter-ss-twig\src\CI4Twig\Twig.php(177): Twig\Environment->render('tags/all_tags.h...', Array)
#8 C:\xampp\htdocs\fil_rouge_code_igniter\vendor\kenjis\codeigniter-ss-twig\src\CI4Twig\Twig.php(156): Kenjis\CI4Twig\Twig->render('tags/all_tags.h...', Array)
#9 C:\xampp\htdocs\fil_rouge_code_igniter\app\Controllers\Tags.php(11): Kenjis\CI4Twig\Twig->display('tags/all_tags.h...', Array)
#10 C:\xampp\htdocs\fil_rouge_code_igniter\system\CodeIgniter.php(832): App\Controllers\Tags->all()
#11 C:\xampp\htdocs\fil_rouge_code_igniter\system\CodeIgniter.php(419): CodeIgniter\CodeIgniter->runController(Object(App\Controllers\Tags))
#12 C:\xampp\htdocs\fil_rouge_code_igniter\system\CodeIgniter.php(326): CodeIgniter\CodeIgniter->handleRequest(NULL, Object(Config\Cache), false)
#13 C:\xampp\htdocs\fil_rouge_code_igniter\public\index.php(39): CodeIgniter\CodeIgniter->run()
#14 {main}
CRITICAL - 2022-04-08 04:23:23 --> Unable to find template "base.html.twig" (looked into: C:\xampp\htdocs\fil_rouge_code_igniter\app\Views) in "tags/all_tags.html.twig" at line 1.
#0 C:\xampp\htdocs\fil_rouge_code_igniter\vendor\twig\twig\src\Loader\FilesystemLoader.php(131): Twig\Loader\FilesystemLoader->findTemplate('base.html.twig')
#1 C:\xampp\htdocs\fil_rouge_code_igniter\vendor\twig\twig\src\Environment.php(261): Twig\Loader\FilesystemLoader->getCacheKey('base.html.twig')
#2 C:\xampp\htdocs\fil_rouge_code_igniter\vendor\twig\twig\src\Template.php(319): Twig\Environment->getTemplateClass('base.html.twig')
#3 C:\xampp\htdocs\fil_rouge_code_igniter\writable\cache\twig\1d\1d1ed896923e275a318504c225a77e1f.php(44): Twig\Template->loadTemplate('base.html.twig', 'tags/all_tags.h...', 1)
#4 C:\xampp\htdocs\fil_rouge_code_igniter\vendor\twig\twig\src\Template.php(394): __TwigTemplate_e18e0a190a1d9d5afb28b738afaee9bb->doDisplay(Array, Array)
#5 C:\xampp\htdocs\fil_rouge_code_igniter\vendor\twig\twig\src\Template.php(367): Twig\Template->displayWithErrorHandling(Array, Array)
#6 C:\xampp\htdocs\fil_rouge_code_igniter\vendor\twig\twig\src\Template.php(379): Twig\Template->display(Array)
#7 C:\xampp\htdocs\fil_rouge_code_igniter\vendor\twig\twig\src\TemplateWrapper.php(40): Twig\Template->render(Array, Array)
#8 C:\xampp\htdocs\fil_rouge_code_igniter\vendor\twig\twig\src\Environment.php(277): Twig\TemplateWrapper->render(Array)
#9 C:\xampp\htdocs\fil_rouge_code_igniter\vendor\kenjis\codeigniter-ss-twig\src\CI4Twig\Twig.php(177): Twig\Environment->render('tags/all_tags.h...', Array)
#10 C:\xampp\htdocs\fil_rouge_code_igniter\vendor\kenjis\codeigniter-ss-twig\src\CI4Twig\Twig.php(156): Kenjis\CI4Twig\Twig->render('tags/all_tags.h...', Array)
#11 C:\xampp\htdocs\fil_rouge_code_igniter\app\Controllers\Tags.php(11): Kenjis\CI4Twig\Twig->display('tags/all_tags.h...', Array)
#12 C:\xampp\htdocs\fil_rouge_code_igniter\system\CodeIgniter.php(832): App\Controllers\Tags->all()
#13 C:\xampp\htdocs\fil_rouge_code_igniter\system\CodeIgniter.php(419): CodeIgniter\CodeIgniter->runController(Object(App\Controllers\Tags))
#14 C:\xampp\htdocs\fil_rouge_code_igniter\system\CodeIgniter.php(326): CodeIgniter\CodeIgniter->handleRequest(NULL, Object(Config\Cache), false)
#15 C:\xampp\htdocs\fil_rouge_code_igniter\public\index.php(39): CodeIgniter\CodeIgniter->run()
#16 {main}
CRITICAL - 2022-04-08 04:36:41 --> A block must start with a tag name.
#0 C:\xampp\htdocs\fil_rouge_code_igniter\vendor\twig\twig\src\TokenParser\BlockTokenParser.php(47): Twig\Parser->subparse(Array, true)
#1 C:\xampp\htdocs\fil_rouge_code_igniter\vendor\twig\twig\src\Parser.php(170): Twig\TokenParser\BlockTokenParser->parse(Object(Twig\Token))
#2 C:\xampp\htdocs\fil_rouge_code_igniter\vendor\twig\twig\src\Parser.php(83): Twig\Parser->subparse(NULL, false)
#3 C:\xampp\htdocs\fil_rouge_code_igniter\vendor\twig\twig\src\Environment.php(488): Twig\Parser->parse(Object(Twig\TokenStream))
#4 C:\xampp\htdocs\fil_rouge_code_igniter\vendor\twig\twig\src\Environment.php(516): Twig\Environment->parse(Object(Twig\TokenStream))
#5 C:\xampp\htdocs\fil_rouge_code_igniter\vendor\twig\twig\src\Environment.php(348): Twig\Environment->compileSource(Object(Twig\Source))
#6 C:\xampp\htdocs\fil_rouge_code_igniter\vendor\twig\twig\src\Template.php(322): Twig\Environment->loadTemplate('__TwigTemplate_...', 'tags/base.html....', NULL)
#7 C:\xampp\htdocs\fil_rouge_code_igniter\writable\cache\twig\1d\1d1ed896923e275a318504c225a77e1f.php(44): Twig\Template->loadTemplate('tags/base.html....', 'tags/all_tags.h...', 1)
#8 C:\xampp\htdocs\fil_rouge_code_igniter\vendor\twig\twig\src\Template.php(394): __TwigTemplate_e18e0a190a1d9d5afb28b738afaee9bb->doDisplay(Array, Array)
#9 C:\xampp\htdocs\fil_rouge_code_igniter\vendor\twig\twig\src\Template.php(367): Twig\Template->displayWithErrorHandling(Array, Array)
#10 C:\xampp\htdocs\fil_rouge_code_igniter\vendor\twig\twig\src\Template.php(379): Twig\Template->display(Array)
#11 C:\xampp\htdocs\fil_rouge_code_igniter\vendor\twig\twig\src\TemplateWrapper.php(40): Twig\Template->render(Array, Array)
#12 C:\xampp\htdocs\fil_rouge_code_igniter\vendor\twig\twig\src\Environment.php(277): Twig\TemplateWrapper->render(Array)
#13 C:\xampp\htdocs\fil_rouge_code_igniter\vendor\kenjis\codeigniter-ss-twig\src\CI4Twig\Twig.php(177): Twig\Environment->render('tags/all_tags.h...', Array)
#14 C:\xampp\htdocs\fil_rouge_code_igniter\vendor\kenjis\codeigniter-ss-twig\src\CI4Twig\Twig.php(156): Kenjis\CI4Twig\Twig->render('tags/all_tags.h...', Array)
#15 C:\xampp\htdocs\fil_rouge_code_igniter\app\Controllers\Tags.php(11): Kenjis\CI4Twig\Twig->display('tags/all_tags.h...', Array)
#16 C:\xampp\htdocs\fil_rouge_code_igniter\system\CodeIgniter.php(832): App\Controllers\Tags->all()
#17 C:\xampp\htdocs\fil_rouge_code_igniter\system\CodeIgniter.php(419): CodeIgniter\CodeIgniter->runController(Object(App\Controllers\Tags))
#18 C:\xampp\htdocs\fil_rouge_code_igniter\system\CodeIgniter.php(326): CodeIgniter\CodeIgniter->handleRequest(NULL, Object(Config\Cache), false)
#19 C:\xampp\htdocs\fil_rouge_code_igniter\public\index.php(39): CodeIgniter\CodeIgniter->run()
#20 {main}
CRITICAL - 2022-04-08 04:44:19 --> Multiple extends tags are forbidden.
#0 C:\xampp\htdocs\fil_rouge_code_igniter\vendor\twig\twig\src\Parser.php(170): Twig\TokenParser\ExtendsTokenParser->parse(Object(Twig\Token))
#1 C:\xampp\htdocs\fil_rouge_code_igniter\vendor\twig\twig\src\Parser.php(83): Twig\Parser->subparse(NULL, false)
#2 C:\xampp\htdocs\fil_rouge_code_igniter\vendor\twig\twig\src\Environment.php(488): Twig\Parser->parse(Object(Twig\TokenStream))
#3 C:\xampp\htdocs\fil_rouge_code_igniter\vendor\twig\twig\src\Environment.php(516): Twig\Environment->parse(Object(Twig\TokenStream))
#4 C:\xampp\htdocs\fil_rouge_code_igniter\vendor\twig\twig\src\Environment.php(348): Twig\Environment->compileSource(Object(Twig\Source))
#5 C:\xampp\htdocs\fil_rouge_code_igniter\vendor\twig\twig\src\Template.php(322): Twig\Environment->loadTemplate('__TwigTemplate_...', 'tags/base.html....', NULL)
#6 C:\xampp\htdocs\fil_rouge_code_igniter\writable\cache\twig\1d\1d1ed896923e275a318504c225a77e1f.php(44): Twig\Template->loadTemplate('tags/base.html....', 'tags/all_tags.h...', 1)
#7 C:\xampp\htdocs\fil_rouge_code_igniter\vendor\twig\twig\src\Template.php(394): __TwigTemplate_e18e0a190a1d9d5afb28b738afaee9bb->doDisplay(Array, Array)
#8 C:\xampp\htdocs\fil_rouge_code_igniter\vendor\twig\twig\src\Template.php(367): Twig\Template->displayWithErrorHandling(Array, Array)
#9 C:\xampp\htdocs\fil_rouge_code_igniter\vendor\twig\twig\src\Template.php(379): Twig\Template->display(Array)
#10 C:\xampp\htdocs\fil_rouge_code_igniter\vendor\twig\twig\src\TemplateWrapper.php(40): Twig\Template->render(Array, Array)
#11 C:\xampp\htdocs\fil_rouge_code_igniter\vendor\twig\twig\src\Environment.php(277): Twig\TemplateWrapper->render(Array)
#12 C:\xampp\htdocs\fil_rouge_code_igniter\vendor\kenjis\codeigniter-ss-twig\src\CI4Twig\Twig.php(177): Twig\Environment->render('tags/all_tags.h...', Array)
#13 C:\xampp\htdocs\fil_rouge_code_igniter\vendor\kenjis\codeigniter-ss-twig\src\CI4Twig\Twig.php(156): Kenjis\CI4Twig\Twig->render('tags/all_tags.h...', Array)
#14 C:\xampp\htdocs\fil_rouge_code_igniter\app\Controllers\Tags.php(11): Kenjis\CI4Twig\Twig->display('tags/all_tags.h...', Array)
#15 C:\xampp\htdocs\fil_rouge_code_igniter\system\CodeIgniter.php(832): App\Controllers\Tags->all()
#16 C:\xampp\htdocs\fil_rouge_code_igniter\system\CodeIgniter.php(419): CodeIgniter\CodeIgniter->runController(Object(App\Controllers\Tags))
#17 C:\xampp\htdocs\fil_rouge_code_igniter\system\CodeIgniter.php(326): CodeIgniter\CodeIgniter->handleRequest(NULL, Object(Config\Cache), false)
#18 C:\xampp\htdocs\fil_rouge_code_igniter\public\index.php(39): CodeIgniter\CodeIgniter->run()
#19 {main}
CRITICAL - 2022-04-08 05:09:38 --> Unable to find template "common/header.html.twig" (looked into: C:\xampp\htdocs\fil_rouge_code_igniter\app\Views) in "tags/base.html.twig" at line 2.
#0 C:\xampp\htdocs\fil_rouge_code_igniter\vendor\twig\twig\src\Loader\FilesystemLoader.php(131): Twig\Loader\FilesystemLoader->findTemplate('common/header.h...')
#1 C:\xampp\htdocs\fil_rouge_code_igniter\vendor\twig\twig\src\Environment.php(261): Twig\Loader\FilesystemLoader->getCacheKey('common/header.h...')
#2 C:\xampp\htdocs\fil_rouge_code_igniter\vendor\twig\twig\src\Template.php(319): Twig\Environment->getTemplateClass('common/header.h...')
#3 C:\xampp\htdocs\fil_rouge_code_igniter\writable\cache\twig\91\916861f725d67cdc0187426b2381d472.php(54): Twig\Template->loadTemplate('common/header.h...', 'tags/base.html....', 2)
#4 C:\xampp\htdocs\fil_rouge_code_igniter\vendor\twig\twig\src\Template.php(171): __TwigTemplate_adf8c15e41ea65685c3550af84786873->block_head(Array, Array)
#5 C:\xampp\htdocs\fil_rouge_code_igniter\writable\cache\twig\91\916861f725d67cdc0187426b2381d472.php(41): Twig\Template->displayBlock('head', Array, Array)
#6 C:\xampp\htdocs\fil_rouge_code_igniter\vendor\twig\twig\src\Template.php(394): __TwigTemplate_adf8c15e41ea65685c3550af84786873->doDisplay(Array, Array)
#7 C:\xampp\htdocs\fil_rouge_code_igniter\vendor\twig\twig\src\Template.php(367): Twig\Template->displayWithErrorHandling(Array, Array)
#8 C:\xampp\htdocs\fil_rouge_code_igniter\writable\cache\twig\1d\1d1ed896923e275a318504c225a77e1f.php(42): Twig\Template->display(Array, Array)
#9 C:\xampp\htdocs\fil_rouge_code_igniter\vendor\twig\twig\src\Template.php(394): __TwigTemplate_e18e0a190a1d9d5afb28b738afaee9bb->doDisplay(Array, Array)
#10 C:\xampp\htdocs\fil_rouge_code_igniter\vendor\twig\twig\src\Template.php(367): Twig\Template->displayWithErrorHandling(Array, Array)
#11 C:\xampp\htdocs\fil_rouge_code_igniter\vendor\twig\twig\src\Template.php(379): Twig\Template->display(Array)
#12 C:\xampp\htdocs\fil_rouge_code_igniter\vendor\twig\twig\src\TemplateWrapper.php(40): Twig\Template->render(Array, Array)
#13 C:\xampp\htdocs\fil_rouge_code_igniter\vendor\twig\twig\src\Environment.php(277): Twig\TemplateWrapper->render(Array)
#14 C:\xampp\htdocs\fil_rouge_code_igniter\vendor\kenjis\codeigniter-ss-twig\src\CI4Twig\Twig.php(177): Twig\Environment->render('tags/all_tags.h...', Array)
#15 C:\xampp\htdocs\fil_rouge_code_igniter\vendor\kenjis\codeigniter-ss-twig\src\CI4Twig\Twig.php(156): Kenjis\CI4Twig\Twig->render('tags/all_tags.h...', Array)
#16 C:\xampp\htdocs\fil_rouge_code_igniter\app\Controllers\Tags.php(11): Kenjis\CI4Twig\Twig->display('tags/all_tags.h...', Array)
#17 C:\xampp\htdocs\fil_rouge_code_igniter\system\CodeIgniter.php(832): App\Controllers\Tags->all()
#18 C:\xampp\htdocs\fil_rouge_code_igniter\system\CodeIgniter.php(419): CodeIgniter\CodeIgniter->runController(Object(App\Controllers\Tags))
#19 C:\xampp\htdocs\fil_rouge_code_igniter\system\CodeIgniter.php(326): CodeIgniter\CodeIgniter->handleRequest(NULL, Object(Config\Cache), false)
#20 C:\xampp\htdocs\fil_rouge_code_igniter\public\index.php(39): CodeIgniter\CodeIgniter->run()
#21 {main}
CRITICAL - 2022-04-08 05:11:47 --> Unable to find template "common/footer.html.twig" (looked into: C:\xampp\htdocs\fil_rouge_code_igniter\app\Views) in "tags/base.html.twig" at line 7.
#0 C:\xampp\htdocs\fil_rouge_code_igniter\vendor\twig\twig\src\Loader\FilesystemLoader.php(131): Twig\Loader\FilesystemLoader->findTemplate('common/footer.h...')
#1 C:\xampp\htdocs\fil_rouge_code_igniter\vendor\twig\twig\src\Environment.php(261): Twig\Loader\FilesystemLoader->getCacheKey('common/footer.h...')
#2 C:\xampp\htdocs\fil_rouge_code_igniter\vendor\twig\twig\src\Template.php(319): Twig\Environment->getTemplateClass('common/footer.h...')
#3 C:\xampp\htdocs\fil_rouge_code_igniter\writable\cache\twig\91\916861f725d67cdc0187426b2381d472.php(77): Twig\Template->loadTemplate('common/footer.h...', 'tags/base.html....', 7)
#4 C:\xampp\htdocs\fil_rouge_code_igniter\vendor\twig\twig\src\Template.php(171): __TwigTemplate_adf8c15e41ea65685c3550af84786873->block_footer(Array, Array)
#5 C:\xampp\htdocs\fil_rouge_code_igniter\writable\cache\twig\91\916861f725d67cdc0187426b2381d472.php(45): Twig\Template->displayBlock('footer', Array, Array)
#6 C:\xampp\htdocs\fil_rouge_code_igniter\vendor\twig\twig\src\Template.php(394): __TwigTemplate_adf8c15e41ea65685c3550af84786873->doDisplay(Array, Array)
#7 C:\xampp\htdocs\fil_rouge_code_igniter\vendor\twig\twig\src\Template.php(367): Twig\Template->displayWithErrorHandling(Array, Array)
#8 C:\xampp\htdocs\fil_rouge_code_igniter\writable\cache\twig\1d\1d1ed896923e275a318504c225a77e1f.php(42): Twig\Template->display(Array, Array)
#9 C:\xampp\htdocs\fil_rouge_code_igniter\vendor\twig\twig\src\Template.php(394): __TwigTemplate_e18e0a190a1d9d5afb28b738afaee9bb->doDisplay(Array, Array)
#10 C:\xampp\htdocs\fil_rouge_code_igniter\vendor\twig\twig\src\Template.php(367): Twig\Template->displayWithErrorHandling(Array, Array)
#11 C:\xampp\htdocs\fil_rouge_code_igniter\vendor\twig\twig\src\Template.php(379): Twig\Template->display(Array)
#12 C:\xampp\htdocs\fil_rouge_code_igniter\vendor\twig\twig\src\TemplateWrapper.php(40): Twig\Template->render(Array, Array)
#13 C:\xampp\htdocs\fil_rouge_code_igniter\vendor\twig\twig\src\Environment.php(277): Twig\TemplateWrapper->render(Array)
#14 C:\xampp\htdocs\fil_rouge_code_igniter\vendor\kenjis\codeigniter-ss-twig\src\CI4Twig\Twig.php(177): Twig\Environment->render('tags/all_tags.h...', Array)
#15 C:\xampp\htdocs\fil_rouge_code_igniter\vendor\kenjis\codeigniter-ss-twig\src\CI4Twig\Twig.php(156): Kenjis\CI4Twig\Twig->render('tags/all_tags.h...', Array)
#16 C:\xampp\htdocs\fil_rouge_code_igniter\app\Controllers\Tags.php(11): Kenjis\CI4Twig\Twig->display('tags/all_tags.h...', Array)
#17 C:\xampp\htdocs\fil_rouge_code_igniter\system\CodeIgniter.php(832): App\Controllers\Tags->all()
#18 C:\xampp\htdocs\fil_rouge_code_igniter\system\CodeIgniter.php(419): CodeIgniter\CodeIgniter->runController(Object(App\Controllers\Tags))
#19 C:\xampp\htdocs\fil_rouge_code_igniter\system\CodeIgniter.php(326): CodeIgniter\CodeIgniter->handleRequest(NULL, Object(Config\Cache), false)
#20 C:\xampp\htdocs\fil_rouge_code_igniter\public\index.php(39): CodeIgniter\CodeIgniter->run()
#21 {main}
CRITICAL - 2022-04-08 05:12:27 --> Unable to find template "common/footer.html.twig" (looked into: C:\xampp\htdocs\fil_rouge_code_igniter\app\Views) in "tags/base.html.twig" at line 7.
#0 C:\xampp\htdocs\fil_rouge_code_igniter\vendor\twig\twig\src\Loader\FilesystemLoader.php(131): Twig\Loader\FilesystemLoader->findTemplate('common/footer.h...')
#1 C:\xampp\htdocs\fil_rouge_code_igniter\vendor\twig\twig\src\Environment.php(261): Twig\Loader\FilesystemLoader->getCacheKey('common/footer.h...')
#2 C:\xampp\htdocs\fil_rouge_code_igniter\vendor\twig\twig\src\Template.php(319): Twig\Environment->getTemplateClass('common/footer.h...')
#3 C:\xampp\htdocs\fil_rouge_code_igniter\writable\cache\twig\91\916861f725d67cdc0187426b2381d472.php(77): Twig\Template->loadTemplate('common/footer.h...', 'tags/base.html....', 7)
#4 C:\xampp\htdocs\fil_rouge_code_igniter\vendor\twig\twig\src\Template.php(171): __TwigTemplate_adf8c15e41ea65685c3550af84786873->block_footer(Array, Array)
#5 C:\xampp\htdocs\fil_rouge_code_igniter\writable\cache\twig\91\916861f725d67cdc0187426b2381d472.php(45): Twig\Template->displayBlock('footer', Array, Array)
#6 C:\xampp\htdocs\fil_rouge_code_igniter\vendor\twig\twig\src\Template.php(394): __TwigTemplate_adf8c15e41ea65685c3550af84786873->doDisplay(Array, Array)
#7 C:\xampp\htdocs\fil_rouge_code_igniter\vendor\twig\twig\src\Template.php(367): Twig\Template->displayWithErrorHandling(Array, Array)
#8 C:\xampp\htdocs\fil_rouge_code_igniter\writable\cache\twig\1d\1d1ed896923e275a318504c225a77e1f.php(42): Twig\Template->display(Array, Array)
#9 C:\xampp\htdocs\fil_rouge_code_igniter\vendor\twig\twig\src\Template.php(394): __TwigTemplate_e18e0a190a1d9d5afb28b738afaee9bb->doDisplay(Array, Array)
#10 C:\xampp\htdocs\fil_rouge_code_igniter\vendor\twig\twig\src\Template.php(367): Twig\Template->displayWithErrorHandling(Array, Array)
#11 C:\xampp\htdocs\fil_rouge_code_igniter\vendor\twig\twig\src\Template.php(379): Twig\Template->display(Array)
#12 C:\xampp\htdocs\fil_rouge_code_igniter\vendor\twig\twig\src\TemplateWrapper.php(40): Twig\Template->render(Array, Array)
#13 C:\xampp\htdocs\fil_rouge_code_igniter\vendor\twig\twig\src\Environment.php(277): Twig\TemplateWrapper->render(Array)
#14 C:\xampp\htdocs\fil_rouge_code_igniter\vendor\kenjis\codeigniter-ss-twig\src\CI4Twig\Twig.php(177): Twig\Environment->render('tags/all_tags.h...', Array)
#15 C:\xampp\htdocs\fil_rouge_code_igniter\vendor\kenjis\codeigniter-ss-twig\src\CI4Twig\Twig.php(156): Kenjis\CI4Twig\Twig->render('tags/all_tags.h...', Array)
#16 C:\xampp\htdocs\fil_rouge_code_igniter\app\Controllers\Tags.php(11): Kenjis\CI4Twig\Twig->display('tags/all_tags.h...', Array)
#17 C:\xampp\htdocs\fil_rouge_code_igniter\system\CodeIgniter.php(832): App\Controllers\Tags->all()
#18 C:\xampp\htdocs\fil_rouge_code_igniter\system\CodeIgniter.php(419): CodeIgniter\CodeIgniter->runController(Object(App\Controllers\Tags))
#19 C:\xampp\htdocs\fil_rouge_code_igniter\system\CodeIgniter.php(326): CodeIgniter\CodeIgniter->handleRequest(NULL, Object(Config\Cache), false)
#20 C:\xampp\htdocs\fil_rouge_code_igniter\public\index.php(39): CodeIgniter\CodeIgniter->run()
#21 {main}
CRITICAL - 2022-04-08 05:12:28 --> Unable to find template "common/footer.html.twig" (looked into: C:\xampp\htdocs\fil_rouge_code_igniter\app\Views) in "tags/base.html.twig" at line 7.
#0 C:\xampp\htdocs\fil_rouge_code_igniter\vendor\twig\twig\src\Loader\FilesystemLoader.php(131): Twig\Loader\FilesystemLoader->findTemplate('common/footer.h...')
#1 C:\xampp\htdocs\fil_rouge_code_igniter\vendor\twig\twig\src\Environment.php(261): Twig\Loader\FilesystemLoader->getCacheKey('common/footer.h...')
#2 C:\xampp\htdocs\fil_rouge_code_igniter\vendor\twig\twig\src\Template.php(319): Twig\Environment->getTemplateClass('common/footer.h...')
#3 C:\xampp\htdocs\fil_rouge_code_igniter\writable\cache\twig\91\916861f725d67cdc0187426b2381d472.php(77): Twig\Template->loadTemplate('common/footer.h...', 'tags/base.html....', 7)
#4 C:\xampp\htdocs\fil_rouge_code_igniter\vendor\twig\twig\src\Template.php(171): __TwigTemplate_adf8c15e41ea65685c3550af84786873->block_footer(Array, Array)
#5 C:\xampp\htdocs\fil_rouge_code_igniter\writable\cache\twig\91\916861f725d67cdc0187426b2381d472.php(45): Twig\Template->displayBlock('footer', Array, Array)
#6 C:\xampp\htdocs\fil_rouge_code_igniter\vendor\twig\twig\src\Template.php(394): __TwigTemplate_adf8c15e41ea65685c3550af84786873->doDisplay(Array, Array)
#7 C:\xampp\htdocs\fil_rouge_code_igniter\vendor\twig\twig\src\Template.php(367): Twig\Template->displayWithErrorHandling(Array, Array)
#8 C:\xampp\htdocs\fil_rouge_code_igniter\writable\cache\twig\1d\1d1ed896923e275a318504c225a77e1f.php(42): Twig\Template->display(Array, Array)
#9 C:\xampp\htdocs\fil_rouge_code_igniter\vendor\twig\twig\src\Template.php(394): __TwigTemplate_e18e0a190a1d9d5afb28b738afaee9bb->doDisplay(Array, Array)
#10 C:\xampp\htdocs\fil_rouge_code_igniter\vendor\twig\twig\src\Template.php(367): Twig\Template->displayWithErrorHandling(Array, Array)
#11 C:\xampp\htdocs\fil_rouge_code_igniter\vendor\twig\twig\src\Template.php(379): Twig\Template->display(Array)
#12 C:\xampp\htdocs\fil_rouge_code_igniter\vendor\twig\twig\src\TemplateWrapper.php(40): Twig\Template->render(Array, Array)
#13 C:\xampp\htdocs\fil_rouge_code_igniter\vendor\twig\twig\src\Environment.php(277): Twig\TemplateWrapper->render(Array)
#14 C:\xampp\htdocs\fil_rouge_code_igniter\vendor\kenjis\codeigniter-ss-twig\src\CI4Twig\Twig.php(177): Twig\Environment->render('tags/all_tags.h...', Array)
#15 C:\xampp\htdocs\fil_rouge_code_igniter\vendor\kenjis\codeigniter-ss-twig\src\CI4Twig\Twig.php(156): Kenjis\CI4Twig\Twig->render('tags/all_tags.h...', Array)
#16 C:\xampp\htdocs\fil_rouge_code_igniter\app\Controllers\Tags.php(11): Kenjis\CI4Twig\Twig->display('tags/all_tags.h...', Array)
#17 C:\xampp\htdocs\fil_rouge_code_igniter\system\CodeIgniter.php(832): App\Controllers\Tags->all()
#18 C:\xampp\htdocs\fil_rouge_code_igniter\system\CodeIgniter.php(419): CodeIgniter\CodeIgniter->runController(Object(App\Controllers\Tags))
#19 C:\xampp\htdocs\fil_rouge_code_igniter\system\CodeIgniter.php(326): CodeIgniter\CodeIgniter->handleRequest(NULL, Object(Config\Cache), false)
#20 C:\xampp\htdocs\fil_rouge_code_igniter\public\index.php(39): CodeIgniter\CodeIgniter->run()
#21 {main}
CRITICAL - 2022-04-08 05:12:30 --> Unable to find template "common/footer.html.twig" (looked into: C:\xampp\htdocs\fil_rouge_code_igniter\app\Views) in "tags/base.html.twig" at line 7.
#0 C:\xampp\htdocs\fil_rouge_code_igniter\vendor\twig\twig\src\Loader\FilesystemLoader.php(131): Twig\Loader\FilesystemLoader->findTemplate('common/footer.h...')
#1 C:\xampp\htdocs\fil_rouge_code_igniter\vendor\twig\twig\src\Environment.php(261): Twig\Loader\FilesystemLoader->getCacheKey('common/footer.h...')
#2 C:\xampp\htdocs\fil_rouge_code_igniter\vendor\twig\twig\src\Template.php(319): Twig\Environment->getTemplateClass('common/footer.h...')
#3 C:\xampp\htdocs\fil_rouge_code_igniter\writable\cache\twig\91\916861f725d67cdc0187426b2381d472.php(77): Twig\Template->loadTemplate('common/footer.h...', 'tags/base.html....', 7)
#4 C:\xampp\htdocs\fil_rouge_code_igniter\vendor\twig\twig\src\Template.php(171): __TwigTemplate_adf8c15e41ea65685c3550af84786873->block_footer(Array, Array)
#5 C:\xampp\htdocs\fil_rouge_code_igniter\writable\cache\twig\91\916861f725d67cdc0187426b2381d472.php(45): Twig\Template->displayBlock('footer', Array, Array)
#6 C:\xampp\htdocs\fil_rouge_code_igniter\vendor\twig\twig\src\Template.php(394): __TwigTemplate_adf8c15e41ea65685c3550af84786873->doDisplay(Array, Array)
#7 C:\xampp\htdocs\fil_rouge_code_igniter\vendor\twig\twig\src\Template.php(367): Twig\Template->displayWithErrorHandling(Array, Array)
#8 C:\xampp\htdocs\fil_rouge_code_igniter\writable\cache\twig\1d\1d1ed896923e275a318504c225a77e1f.php(42): Twig\Template->display(Array, Array)
#9 C:\xampp\htdocs\fil_rouge_code_igniter\vendor\twig\twig\src\Template.php(394): __TwigTemplate_e18e0a190a1d9d5afb28b738afaee9bb->doDisplay(Array, Array)
#10 C:\xampp\htdocs\fil_rouge_code_igniter\vendor\twig\twig\src\Template.php(367): Twig\Template->displayWithErrorHandling(Array, Array)
#11 C:\xampp\htdocs\fil_rouge_code_igniter\vendor\twig\twig\src\Template.php(379): Twig\Template->display(Array)
#12 C:\xampp\htdocs\fil_rouge_code_igniter\vendor\twig\twig\src\TemplateWrapper.php(40): Twig\Template->render(Array, Array)
#13 C:\xampp\htdocs\fil_rouge_code_igniter\vendor\twig\twig\src\Environment.php(277): Twig\TemplateWrapper->render(Array)
#14 C:\xampp\htdocs\fil_rouge_code_igniter\vendor\kenjis\codeigniter-ss-twig\src\CI4Twig\Twig.php(177): Twig\Environment->render('tags/all_tags.h...', Array)
#15 C:\xampp\htdocs\fil_rouge_code_igniter\vendor\kenjis\codeigniter-ss-twig\src\CI4Twig\Twig.php(156): Kenjis\CI4Twig\Twig->render('tags/all_tags.h...', Array)
#16 C:\xampp\htdocs\fil_rouge_code_igniter\app\Controllers\Tags.php(11): Kenjis\CI4Twig\Twig->display('tags/all_tags.h...', Array)
#17 C:\xampp\htdocs\fil_rouge_code_igniter\system\CodeIgniter.php(832): App\Controllers\Tags->all()
#18 C:\xampp\htdocs\fil_rouge_code_igniter\system\CodeIgniter.php(419): CodeIgniter\CodeIgniter->runController(Object(App\Controllers\Tags))
#19 C:\xampp\htdocs\fil_rouge_code_igniter\system\CodeIgniter.php(326): CodeIgniter\CodeIgniter->handleRequest(NULL, Object(Config\Cache), false)
#20 C:\xampp\htdocs\fil_rouge_code_igniter\public\index.php(39): CodeIgniter\CodeIgniter->run()
#21 {main}
CRITICAL - 2022-04-08 05:30:55 --> Invalid file: common/header.php
#0 C:\xampp\htdocs\fil_rouge_code_igniter\system\View\View.php(198): CodeIgniter\Exceptions\FrameworkException::forInvalidFile('common/header.p...')
#1 C:\xampp\htdocs\fil_rouge_code_igniter\system\Common.php(1089): CodeIgniter\View\View->render('common/header', Array, true)
#2 C:\xampp\htdocs\fil_rouge_code_igniter\app\Controllers\BaseController.php(85): view('common/header', Array)
#3 C:\xampp\htdocs\fil_rouge_code_igniter\app\Controllers\Tags.php(25): App\Controllers\BaseController->renderTemplateTag('search_tag')
#4 C:\xampp\htdocs\fil_rouge_code_igniter\system\CodeIgniter.php(832): App\Controllers\Tags->search()
#5 C:\xampp\htdocs\fil_rouge_code_igniter\system\CodeIgniter.php(419): CodeIgniter\CodeIgniter->runController(Object(App\Controllers\Tags))
#6 C:\xampp\htdocs\fil_rouge_code_igniter\system\CodeIgniter.php(326): CodeIgniter\CodeIgniter->handleRequest(NULL, Object(Config\Cache), false)
#7 C:\xampp\htdocs\fil_rouge_code_igniter\public\index.php(39): CodeIgniter\CodeIgniter->run()
#8 {main}
CRITICAL - 2022-04-08 05:31:00 --> Invalid file: common/header.php
#0 C:\xampp\htdocs\fil_rouge_code_igniter\system\View\View.php(198): CodeIgniter\Exceptions\FrameworkException::forInvalidFile('common/header.p...')
#1 C:\xampp\htdocs\fil_rouge_code_igniter\system\Common.php(1089): CodeIgniter\View\View->render('common/header', Array, true)
#2 C:\xampp\htdocs\fil_rouge_code_igniter\app\Controllers\BaseController.php(85): view('common/header', Array)
#3 C:\xampp\htdocs\fil_rouge_code_igniter\app\Controllers\Tags.php(25): App\Controllers\BaseController->renderTemplateTag('search_tag')
#4 C:\xampp\htdocs\fil_rouge_code_igniter\system\CodeIgniter.php(832): App\Controllers\Tags->search()
#5 C:\xampp\htdocs\fil_rouge_code_igniter\system\CodeIgniter.php(419): CodeIgniter\CodeIgniter->runController(Object(App\Controllers\Tags))
#6 C:\xampp\htdocs\fil_rouge_code_igniter\system\CodeIgniter.php(326): CodeIgniter\CodeIgniter->handleRequest(NULL, Object(Config\Cache), false)
#7 C:\xampp\htdocs\fil_rouge_code_igniter\public\index.php(39): CodeIgniter\CodeIgniter->run()
#8 {main}
CRITICAL - 2022-04-08 05:44:55 --> Unknown "form_start" function.
#0 C:\xampp\htdocs\fil_rouge_code_igniter\vendor\twig\twig\src\ExpressionParser.php(457): Twig\ExpressionParser->getFunctionNodeClass('form_start', 3)
#1 C:\xampp\htdocs\fil_rouge_code_igniter\vendor\twig\twig\src\ExpressionParser.php(235): Twig\ExpressionParser->getFunctionNode('form_start', 3)
#2 C:\xampp\htdocs\fil_rouge_code_igniter\vendor\twig\twig\src\ExpressionParser.php(175): Twig\ExpressionParser->parsePrimaryExpression()
#3 C:\xampp\htdocs\fil_rouge_code_igniter\vendor\twig\twig\src\ExpressionParser.php(70): Twig\ExpressionParser->getPrimary()
#4 C:\xampp\htdocs\fil_rouge_code_igniter\vendor\twig\twig\src\Parser.php(127): Twig\ExpressionParser->parseExpression()
#5 C:\xampp\htdocs\fil_rouge_code_igniter\vendor\twig\twig\src\TokenParser\BlockTokenParser.php(47): Twig\Parser->subparse(Array, true)
#6 C:\xampp\htdocs\fil_rouge_code_igniter\vendor\twig\twig\src\Parser.php(170): Twig\TokenParser\BlockTokenParser->parse(Object(Twig\Token))
#7 C:\xampp\htdocs\fil_rouge_code_igniter\vendor\twig\twig\src\Parser.php(83): Twig\Parser->subparse(NULL, false)
#8 C:\xampp\htdocs\fil_rouge_code_igniter\vendor\twig\twig\src\Environment.php(488): Twig\Parser->parse(Object(Twig\TokenStream))
#9 C:\xampp\htdocs\fil_rouge_code_igniter\vendor\twig\twig\src\Environment.php(516): Twig\Environment->parse(Object(Twig\TokenStream))
#10 C:\xampp\htdocs\fil_rouge_code_igniter\vendor\twig\twig\src\Environment.php(348): Twig\Environment->compileSource(Object(Twig\Source))
#11 C:\xampp\htdocs\fil_rouge_code_igniter\vendor\twig\twig\src\Environment.php(309): Twig\Environment->loadTemplate('__TwigTemplate_...', 'tags/sign_up.ht...')
#12 C:\xampp\htdocs\fil_rouge_code_igniter\vendor\twig\twig\src\Environment.php(277): Twig\Environment->load('tags/sign_up.ht...')
#13 C:\xampp\htdocs\fil_rouge_code_igniter\vendor\kenjis\codeigniter-ss-twig\src\CI4Twig\Twig.php(177): Twig\Environment->render('tags/sign_up.ht...', Array)
#14 C:\xampp\htdocs\fil_rouge_code_igniter\vendor\kenjis\codeigniter-ss-twig\src\CI4Twig\Twig.php(156): Kenjis\CI4Twig\Twig->render('tags/sign_up.ht...', Array)
#15 C:\xampp\htdocs\fil_rouge_code_igniter\app\Controllers\Tags.php(18): Kenjis\CI4Twig\Twig->display('tags/sign_up.ht...', Array)
#16 C:\xampp\htdocs\fil_rouge_code_igniter\system\CodeIgniter.php(832): App\Controllers\Tags->sign()
#17 C:\xampp\htdocs\fil_rouge_code_igniter\system\CodeIgniter.php(419): CodeIgniter\CodeIgniter->runController(Object(App\Controllers\Tags))
#18 C:\xampp\htdocs\fil_rouge_code_igniter\system\CodeIgniter.php(326): CodeIgniter\CodeIgniter->handleRequest(NULL, Object(Config\Cache), false)
#19 C:\xampp\htdocs\fil_rouge_code_igniter\public\index.php(39): CodeIgniter\CodeIgniter->run()
#20 {main}
CRITICAL - 2022-04-08 05:59:44 --> Undefined property: App\Controllers\Tags::$form_validation
#0 C:\xampp\htdocs\fil_rouge_code_igniter\app\Controllers\Tags.php(16): CodeIgniter\Debug\Exceptions->errorHandler(2, 'Undefined prope...', 'C:\\xampp\\htdocs...', 16)
#1 C:\xampp\htdocs\fil_rouge_code_igniter\system\CodeIgniter.php(832): App\Controllers\Tags->sign()
#2 C:\xampp\htdocs\fil_rouge_code_igniter\system\CodeIgniter.php(419): CodeIgniter\CodeIgniter->runController(Object(App\Controllers\Tags))
#3 C:\xampp\htdocs\fil_rouge_code_igniter\system\CodeIgniter.php(326): CodeIgniter\CodeIgniter->handleRequest(NULL, Object(Config\Cache), false)
#4 C:\xampp\htdocs\fil_rouge_code_igniter\public\index.php(39): CodeIgniter\CodeIgniter->run()
#5 {main}
CRITICAL - 2022-04-08 05:59:53 --> Undefined property: App\Controllers\Tags::$form_validation
#0 C:\xampp\htdocs\fil_rouge_code_igniter\app\Controllers\Tags.php(16): CodeIgniter\Debug\Exceptions->errorHandler(2, 'Undefined prope...', 'C:\\xampp\\htdocs...', 16)
#1 C:\xampp\htdocs\fil_rouge_code_igniter\system\CodeIgniter.php(832): App\Controllers\Tags->sign()
#2 C:\xampp\htdocs\fil_rouge_code_igniter\system\CodeIgniter.php(419): CodeIgniter\CodeIgniter->runController(Object(App\Controllers\Tags))
#3 C:\xampp\htdocs\fil_rouge_code_igniter\system\CodeIgniter.php(326): CodeIgniter\CodeIgniter->handleRequest(NULL, Object(Config\Cache), false)
#4 C:\xampp\htdocs\fil_rouge_code_igniter\public\index.php(39): CodeIgniter\CodeIgniter->run()
#5 {main}
CRITICAL - 2022-04-08 06:59:07 --> Call to undefined function App\Controllers\validation_errors()
#0 C:\xampp\htdocs\fil_rouge_code_igniter\system\CodeIgniter.php(832): App\Controllers\Tags->sign()
#1 C:\xampp\htdocs\fil_rouge_code_igniter\system\CodeIgniter.php(419): CodeIgniter\CodeIgniter->runController(Object(App\Controllers\Tags))
#2 C:\xampp\htdocs\fil_rouge_code_igniter\system\CodeIgniter.php(326): CodeIgniter\CodeIgniter->handleRequest(NULL, Object(Config\Cache), false)
#3 C:\xampp\htdocs\fil_rouge_code_igniter\public\index.php(39): CodeIgniter\CodeIgniter->run()
#4 {main}
CRITICAL - 2022-04-08 07:21:45 --> Invalid file: validation/Signup.php
#0 C:\xampp\htdocs\fil_rouge_code_igniter\system\View\View.php(198): CodeIgniter\Exceptions\FrameworkException::forInvalidFile('validation/Sign...')
#1 C:\xampp\htdocs\fil_rouge_code_igniter\system\Common.php(1089): CodeIgniter\View\View->render('validation/Sign...', Array, true)
#2 C:\xampp\htdocs\fil_rouge_code_igniter\app\Controllers\Tags.php(25): view('validation/Sign...', Array)
#3 C:\xampp\htdocs\fil_rouge_code_igniter\system\CodeIgniter.php(832): App\Controllers\Tags->sign()
#4 C:\xampp\htdocs\fil_rouge_code_igniter\system\CodeIgniter.php(419): CodeIgniter\CodeIgniter->runController(Object(App\Controllers\Tags))
#5 C:\xampp\htdocs\fil_rouge_code_igniter\system\CodeIgniter.php(326): CodeIgniter\CodeIgniter->handleRequest(NULL, Object(Config\Cache), false)
#6 C:\xampp\htdocs\fil_rouge_code_igniter\public\index.php(39): CodeIgniter\CodeIgniter->run()
#7 {main}
CRITICAL - 2022-04-08 07:22:38 --> Invalid file: validation/Signup.php
#0 C:\xampp\htdocs\fil_rouge_code_igniter\system\View\View.php(198): CodeIgniter\Exceptions\FrameworkException::forInvalidFile('validation/Sign...')
#1 C:\xampp\htdocs\fil_rouge_code_igniter\system\Common.php(1089): CodeIgniter\View\View->render('validation/Sign...', Array, true)
#2 C:\xampp\htdocs\fil_rouge_code_igniter\app\Controllers\Tags.php(25): view('validation/Sign...', Array)
#3 C:\xampp\htdocs\fil_rouge_code_igniter\system\CodeIgniter.php(832): App\Controllers\Tags->sign()
#4 C:\xampp\htdocs\fil_rouge_code_igniter\system\CodeIgniter.php(419): CodeIgniter\CodeIgniter->runController(Object(App\Controllers\Tags))
#5 C:\xampp\htdocs\fil_rouge_code_igniter\system\CodeIgniter.php(326): CodeIgniter\CodeIgniter->handleRequest(NULL, Object(Config\Cache), false)
#6 C:\xampp\htdocs\fil_rouge_code_igniter\public\index.php(39): CodeIgniter\CodeIgniter->run()
#7 {main}
CRITICAL - 2022-04-08 07:23:56 --> Invalid file: common/header.php
#0 C:\xampp\htdocs\fil_rouge_code_igniter\system\View\View.php(198): CodeIgniter\Exceptions\FrameworkException::forInvalidFile('common/header.p...')
#1 C:\xampp\htdocs\fil_rouge_code_igniter\system\Common.php(1089): CodeIgniter\View\View->render('common/header', Array, true)
#2 C:\xampp\htdocs\fil_rouge_code_igniter\app\Controllers\BaseController.php(85): view('common/header', Array)
#3 C:\xampp\htdocs\fil_rouge_code_igniter\app\Controllers\Tags.php(17): App\Controllers\BaseController->renderTemplateTag('sign_up')
#4 C:\xampp\htdocs\fil_rouge_code_igniter\system\CodeIgniter.php(832): App\Controllers\Tags->sign()
#5 C:\xampp\htdocs\fil_rouge_code_igniter\system\CodeIgniter.php(419): CodeIgniter\CodeIgniter->runController(Object(App\Controllers\Tags))
#6 C:\xampp\htdocs\fil_rouge_code_igniter\system\CodeIgniter.php(326): CodeIgniter\CodeIgniter->handleRequest(NULL, Object(Config\Cache), false)
#7 C:\xampp\htdocs\fil_rouge_code_igniter\public\index.php(39): CodeIgniter\CodeIgniter->run()
#8 {main}
CRITICAL - 2022-04-08 07:24:54 --> Unable to find template "common/header.html.twig" (looked into: C:\xampp\htdocs\fil_rouge_code_igniter\app\Views) in "tags/base.html.twig" at line 2.
#0 C:\xampp\htdocs\fil_rouge_code_igniter\vendor\twig\twig\src\Loader\FilesystemLoader.php(131): Twig\Loader\FilesystemLoader->findTemplate('common/header.h...')
#1 C:\xampp\htdocs\fil_rouge_code_igniter\vendor\twig\twig\src\Environment.php(261): Twig\Loader\FilesystemLoader->getCacheKey('common/header.h...')
#2 C:\xampp\htdocs\fil_rouge_code_igniter\vendor\twig\twig\src\Template.php(319): Twig\Environment->getTemplateClass('common/header.h...')
#3 C:\xampp\htdocs\fil_rouge_code_igniter\writable\cache\twig\91\916861f725d67cdc0187426b2381d472.php(54): Twig\Template->loadTemplate('common/header.h...', 'tags/base.html....', 2)
#4 C:\xampp\htdocs\fil_rouge_code_igniter\vendor\twig\twig\src\Template.php(171): __TwigTemplate_adf8c15e41ea65685c3550af84786873->block_head(Array, Array)
#5 C:\xampp\htdocs\fil_rouge_code_igniter\writable\cache\twig\91\916861f725d67cdc0187426b2381d472.php(41): Twig\Template->displayBlock('head', Array, Array)
#6 C:\xampp\htdocs\fil_rouge_code_igniter\vendor\twig\twig\src\Template.php(394): __TwigTemplate_adf8c15e41ea65685c3550af84786873->doDisplay(Array, Array)
#7 C:\xampp\htdocs\fil_rouge_code_igniter\vendor\twig\twig\src\Template.php(367): Twig\Template->displayWithErrorHandling(Array, Array)
#8 C:\xampp\htdocs\fil_rouge_code_igniter\writable\cache\twig\1d\1d1ed896923e275a318504c225a77e1f.php(42): Twig\Template->display(Array, Array)
#9 C:\xampp\htdocs\fil_rouge_code_igniter\vendor\twig\twig\src\Template.php(394): __TwigTemplate_e18e0a190a1d9d5afb28b738afaee9bb->doDisplay(Array, Array)
#10 C:\xampp\htdocs\fil_rouge_code_igniter\vendor\twig\twig\src\Template.php(367): Twig\Template->displayWithErrorHandling(Array, Array)
#11 C:\xampp\htdocs\fil_rouge_code_igniter\vendor\twig\twig\src\Template.php(379): Twig\Template->display(Array)
#12 C:\xampp\htdocs\fil_rouge_code_igniter\vendor\twig\twig\src\TemplateWrapper.php(40): Twig\Template->render(Array, Array)
#13 C:\xampp\htdocs\fil_rouge_code_igniter\vendor\twig\twig\src\Environment.php(277): Twig\TemplateWrapper->render(Array)
#14 C:\xampp\htdocs\fil_rouge_code_igniter\vendor\kenjis\codeigniter-ss-twig\src\CI4Twig\Twig.php(177): Twig\Environment->render('tags/all_tags.h...', Array)
#15 C:\xampp\htdocs\fil_rouge_code_igniter\vendor\kenjis\codeigniter-ss-twig\src\CI4Twig\Twig.php(156): Kenjis\CI4Twig\Twig->render('tags/all_tags.h...', Array)
#16 C:\xampp\htdocs\fil_rouge_code_igniter\app\Controllers\Tags.php(11): Kenjis\CI4Twig\Twig->display('tags/all_tags.h...', Array)
#17 C:\xampp\htdocs\fil_rouge_code_igniter\system\CodeIgniter.php(832): App\Controllers\Tags->all()
#18 C:\xampp\htdocs\fil_rouge_code_igniter\system\CodeIgniter.php(419): CodeIgniter\CodeIgniter->runController(Object(App\Controllers\Tags))
#19 C:\xampp\htdocs\fil_rouge_code_igniter\system\CodeIgniter.php(326): CodeIgniter\CodeIgniter->handleRequest(NULL, Object(Config\Cache), false)
#20 C:\xampp\htdocs\fil_rouge_code_igniter\public\index.php(39): CodeIgniter\CodeIgniter->run()
#21 {main}
CRITICAL - 2022-04-08 07:30:59 --> Invalid file: validation/Signup.php
#0 C:\xampp\htdocs\fil_rouge_code_igniter\system\View\View.php(198): CodeIgniter\Exceptions\FrameworkException::forInvalidFile('validation/Sign...')
#1 C:\xampp\htdocs\fil_rouge_code_igniter\system\Common.php(1089): CodeIgniter\View\View->render('validation/Sign...', Array, true)
#2 C:\xampp\htdocs\fil_rouge_code_igniter\app\Controllers\Tags.php(31): view('validation/Sign...', Array)
#3 C:\xampp\htdocs\fil_rouge_code_igniter\system\CodeIgniter.php(832): App\Controllers\Tags->register()
#4 C:\xampp\htdocs\fil_rouge_code_igniter\system\CodeIgniter.php(419): CodeIgniter\CodeIgniter->runController(Object(App\Controllers\Tags))
#5 C:\xampp\htdocs\fil_rouge_code_igniter\system\CodeIgniter.php(326): CodeIgniter\CodeIgniter->handleRequest(NULL, Object(Config\Cache), false)
#6 C:\xampp\htdocs\fil_rouge_code_igniter\public\index.php(39): CodeIgniter\CodeIgniter->run()
#7 {main}
CRITICAL - 2022-04-08 07:31:35 --> Invalid file: validation/Signup.php
#0 C:\xampp\htdocs\fil_rouge_code_igniter\system\View\View.php(198): CodeIgniter\Exceptions\FrameworkException::forInvalidFile('validation/Sign...')
#1 C:\xampp\htdocs\fil_rouge_code_igniter\system\Common.php(1089): CodeIgniter\View\View->render('validation/Sign...', Array, true)
#2 C:\xampp\htdocs\fil_rouge_code_igniter\app\Controllers\Tags.php(31): view('validation/Sign...', Array)
#3 C:\xampp\htdocs\fil_rouge_code_igniter\system\CodeIgniter.php(832): App\Controllers\Tags->register()
#4 C:\xampp\htdocs\fil_rouge_code_igniter\system\CodeIgniter.php(419): CodeIgniter\CodeIgniter->runController(Object(App\Controllers\Tags))
#5 C:\xampp\htdocs\fil_rouge_code_igniter\system\CodeIgniter.php(326): CodeIgniter\CodeIgniter->handleRequest(NULL, Object(Config\Cache), false)
#6 C:\xampp\htdocs\fil_rouge_code_igniter\public\index.php(39): CodeIgniter\CodeIgniter->run()
#7 {main}
CRITICAL - 2022-04-08 08:07:04 --> There is no data to insert.
#0 C:\xampp\htdocs\fil_rouge_code_igniter\system\BaseModel.php(718): CodeIgniter\Database\Exceptions\DataException::forEmptyDataset('insert')
#1 C:\xampp\htdocs\fil_rouge_code_igniter\system\Model.php(625): CodeIgniter\BaseModel->insert(Array, false)
#2 C:\xampp\htdocs\fil_rouge_code_igniter\system\BaseModel.php(658): CodeIgniter\Model->insert(Array, false)
#3 C:\xampp\htdocs\fil_rouge_code_igniter\app\Controllers\Tags.php(39): CodeIgniter\BaseModel->save(Array)
#4 C:\xampp\htdocs\fil_rouge_code_igniter\system\CodeIgniter.php(832): App\Controllers\Tags->add_tag()
#5 C:\xampp\htdocs\fil_rouge_code_igniter\system\CodeIgniter.php(419): CodeIgniter\CodeIgniter->runController(Object(App\Controllers\Tags))
#6 C:\xampp\htdocs\fil_rouge_code_igniter\system\CodeIgniter.php(326): CodeIgniter\CodeIgniter->handleRequest(NULL, Object(Config\Cache), false)
#7 C:\xampp\htdocs\fil_rouge_code_igniter\public\index.php(39): CodeIgniter\CodeIgniter->run()
#8 {main}
CRITICAL - 2022-04-08 08:07:53 --> There is no data to insert.
#0 C:\xampp\htdocs\fil_rouge_code_igniter\system\BaseModel.php(718): CodeIgniter\Database\Exceptions\DataException::forEmptyDataset('insert')
#1 C:\xampp\htdocs\fil_rouge_code_igniter\system\Model.php(625): CodeIgniter\BaseModel->insert(Array, false)
#2 C:\xampp\htdocs\fil_rouge_code_igniter\system\BaseModel.php(658): CodeIgniter\Model->insert(Array, false)
#3 C:\xampp\htdocs\fil_rouge_code_igniter\app\Controllers\Tags.php(39): CodeIgniter\BaseModel->save(Array)
#4 C:\xampp\htdocs\fil_rouge_code_igniter\system\CodeIgniter.php(832): App\Controllers\Tags->add_tag()
#5 C:\xampp\htdocs\fil_rouge_code_igniter\system\CodeIgniter.php(419): CodeIgniter\CodeIgniter->runController(Object(App\Controllers\Tags))
#6 C:\xampp\htdocs\fil_rouge_code_igniter\system\CodeIgniter.php(326): CodeIgniter\CodeIgniter->handleRequest(NULL, Object(Config\Cache), false)
#7 C:\xampp\htdocs\fil_rouge_code_igniter\public\index.php(39): CodeIgniter\CodeIgniter->run()
#8 {main}
CRITICAL - 2022-04-08 08:08:01 --> There is no data to insert.
#0 C:\xampp\htdocs\fil_rouge_code_igniter\system\BaseModel.php(718): CodeIgniter\Database\Exceptions\DataException::forEmptyDataset('insert')
#1 C:\xampp\htdocs\fil_rouge_code_igniter\system\Model.php(625): CodeIgniter\BaseModel->insert(Array, false)
#2 C:\xampp\htdocs\fil_rouge_code_igniter\system\BaseModel.php(658): CodeIgniter\Model->insert(Array, false)
#3 C:\xampp\htdocs\fil_rouge_code_igniter\app\Controllers\Tags.php(39): CodeIgniter\BaseModel->save(Array)
#4 C:\xampp\htdocs\fil_rouge_code_igniter\system\CodeIgniter.php(832): App\Controllers\Tags->add_tag()
#5 C:\xampp\htdocs\fil_rouge_code_igniter\system\CodeIgniter.php(419): CodeIgniter\CodeIgniter->runController(Object(App\Controllers\Tags))
#6 C:\xampp\htdocs\fil_rouge_code_igniter\system\CodeIgniter.php(326): CodeIgniter\CodeIgniter->handleRequest(NULL, Object(Config\Cache), false)
#7 C:\xampp\htdocs\fil_rouge_code_igniter\public\index.php(39): CodeIgniter\CodeIgniter->run()
#8 {main}
CRITICAL - 2022-04-08 08:08:56 --> There is no data to insert.
#0 C:\xampp\htdocs\fil_rouge_code_igniter\system\BaseModel.php(718): CodeIgniter\Database\Exceptions\DataException::forEmptyDataset('insert')
#1 C:\xampp\htdocs\fil_rouge_code_igniter\system\Model.php(625): CodeIgniter\BaseModel->insert(Array, false)
#2 C:\xampp\htdocs\fil_rouge_code_igniter\system\BaseModel.php(658): CodeIgniter\Model->insert(Array, false)
#3 C:\xampp\htdocs\fil_rouge_code_igniter\app\Controllers\Tags.php(39): CodeIgniter\BaseModel->save(Array)
#4 C:\xampp\htdocs\fil_rouge_code_igniter\system\CodeIgniter.php(832): App\Controllers\Tags->add_tag()
#5 C:\xampp\htdocs\fil_rouge_code_igniter\system\CodeIgniter.php(419): CodeIgniter\CodeIgniter->runController(Object(App\Controllers\Tags))
#6 C:\xampp\htdocs\fil_rouge_code_igniter\system\CodeIgniter.php(326): CodeIgniter\CodeIgniter->handleRequest(NULL, Object(Config\Cache), false)
#7 C:\xampp\htdocs\fil_rouge_code_igniter\public\index.php(39): CodeIgniter\CodeIgniter->run()
#8 {main}
CRITICAL - 2022-04-08 08:09:00 --> There is no data to insert.
#0 C:\xampp\htdocs\fil_rouge_code_igniter\system\BaseModel.php(718): CodeIgniter\Database\Exceptions\DataException::forEmptyDataset('insert')
#1 C:\xampp\htdocs\fil_rouge_code_igniter\system\Model.php(625): CodeIgniter\BaseModel->insert(Array, false)
#2 C:\xampp\htdocs\fil_rouge_code_igniter\system\BaseModel.php(658): CodeIgniter\Model->insert(Array, false)
#3 C:\xampp\htdocs\fil_rouge_code_igniter\app\Controllers\Tags.php(39): CodeIgniter\BaseModel->save(Array)
#4 C:\xampp\htdocs\fil_rouge_code_igniter\system\CodeIgniter.php(832): App\Controllers\Tags->add_tag()
#5 C:\xampp\htdocs\fil_rouge_code_igniter\system\CodeIgniter.php(419): CodeIgniter\CodeIgniter->runController(Object(App\Controllers\Tags))
#6 C:\xampp\htdocs\fil_rouge_code_igniter\system\CodeIgniter.php(326): CodeIgniter\CodeIgniter->handleRequest(NULL, Object(Config\Cache), false)
#7 C:\xampp\htdocs\fil_rouge_code_igniter\public\index.php(39): CodeIgniter\CodeIgniter->run()
#8 {main}
CRITICAL - 2022-04-08 08:10:47 --> There is no data to insert.
#0 C:\xampp\htdocs\fil_rouge_code_igniter\system\BaseModel.php(718): CodeIgniter\Database\Exceptions\DataException::forEmptyDataset('insert')
#1 C:\xampp\htdocs\fil_rouge_code_igniter\system\Model.php(625): CodeIgniter\BaseModel->insert(Array, false)
#2 C:\xampp\htdocs\fil_rouge_code_igniter\system\BaseModel.php(658): CodeIgniter\Model->insert(Array, false)
#3 C:\xampp\htdocs\fil_rouge_code_igniter\app\Controllers\Tags.php(39): CodeIgniter\BaseModel->save(Array)
#4 C:\xampp\htdocs\fil_rouge_code_igniter\system\CodeIgniter.php(832): App\Controllers\Tags->add_tag()
#5 C:\xampp\htdocs\fil_rouge_code_igniter\system\CodeIgniter.php(419): CodeIgniter\CodeIgniter->runController(Object(App\Controllers\Tags))
#6 C:\xampp\htdocs\fil_rouge_code_igniter\system\CodeIgniter.php(326): CodeIgniter\CodeIgniter->handleRequest(NULL, Object(Config\Cache), false)
#7 C:\xampp\htdocs\fil_rouge_code_igniter\public\index.php(39): CodeIgniter\CodeIgniter->run()
#8 {main}
CRITICAL - 2022-04-08 08:13:07 --> There is no data to insert.
#0 C:\xampp\htdocs\fil_rouge_code_igniter\system\BaseModel.php(718): CodeIgniter\Database\Exceptions\DataException::forEmptyDataset('insert')
#1 C:\xampp\htdocs\fil_rouge_code_igniter\system\Model.php(625): CodeIgniter\BaseModel->insert(Array, false)
#2 C:\xampp\htdocs\fil_rouge_code_igniter\system\BaseModel.php(658): CodeIgniter\Model->insert(Array, false)
#3 C:\xampp\htdocs\fil_rouge_code_igniter\app\Controllers\Tags.php(39): CodeIgniter\BaseModel->save(Array)
#4 C:\xampp\htdocs\fil_rouge_code_igniter\system\CodeIgniter.php(832): App\Controllers\Tags->add_tag()
#5 C:\xampp\htdocs\fil_rouge_code_igniter\system\CodeIgniter.php(419): CodeIgniter\CodeIgniter->runController(Object(App\Controllers\Tags))
#6 C:\xampp\htdocs\fil_rouge_code_igniter\system\CodeIgniter.php(326): CodeIgniter\CodeIgniter->handleRequest(NULL, Object(Config\Cache), false)
#7 C:\xampp\htdocs\fil_rouge_code_igniter\public\index.php(39): CodeIgniter\CodeIgniter->run()
#8 {main}
CRITICAL - 2022-04-08 08:13:16 --> There is no data to insert.
#0 C:\xampp\htdocs\fil_rouge_code_igniter\system\BaseModel.php(718): CodeIgniter\Database\Exceptions\DataException::forEmptyDataset('insert')
#1 C:\xampp\htdocs\fil_rouge_code_igniter\system\Model.php(625): CodeIgniter\BaseModel->insert(Array, false)
#2 C:\xampp\htdocs\fil_rouge_code_igniter\system\BaseModel.php(658): CodeIgniter\Model->insert(Array, false)
#3 C:\xampp\htdocs\fil_rouge_code_igniter\app\Controllers\Tags.php(39): CodeIgniter\BaseModel->save(Array)
#4 C:\xampp\htdocs\fil_rouge_code_igniter\system\CodeIgniter.php(832): App\Controllers\Tags->add_tag()
#5 C:\xampp\htdocs\fil_rouge_code_igniter\system\CodeIgniter.php(419): CodeIgniter\CodeIgniter->runController(Object(App\Controllers\Tags))
#6 C:\xampp\htdocs\fil_rouge_code_igniter\system\CodeIgniter.php(326): CodeIgniter\CodeIgniter->handleRequest(NULL, Object(Config\Cache), false)
#7 C:\xampp\htdocs\fil_rouge_code_igniter\public\index.php(39): CodeIgniter\CodeIgniter->run()
#8 {main}
ERROR - 2022-04-08 08:16:35 --> Unknown column 'created_at' in 'field list'
CRITICAL - 2022-04-08 08:16:35 --> Unknown column 'created_at' in 'field list'
#0 C:\xampp\htdocs\fil_rouge_code_igniter\system\Database\MySQLi\Connection.php(292): mysqli->query('INSERT INTO `ta...', 0)
#1 C:\xampp\htdocs\fil_rouge_code_igniter\system\Database\BaseConnection.php(670): CodeIgniter\Database\MySQLi\Connection->execute('INSERT INTO `ta...')
#2 C:\xampp\htdocs\fil_rouge_code_igniter\system\Database\BaseConnection.php(598): CodeIgniter\Database\BaseConnection->simpleQuery('INSERT INTO `ta...')
#3 C:\xampp\htdocs\fil_rouge_code_igniter\system\Database\BaseBuilder.php(1771): CodeIgniter\Database\BaseConnection->query('INSERT INTO `ta...', Array, false)
#4 C:\xampp\htdocs\fil_rouge_code_igniter\system\Model.php(239): CodeIgniter\Database\BaseBuilder->insert()
#5 C:\xampp\htdocs\fil_rouge_code_igniter\system\BaseModel.php(738): CodeIgniter\Model->doInsert(Array)
#6 C:\xampp\htdocs\fil_rouge_code_igniter\system\Model.php(625): CodeIgniter\BaseModel->insert(Array, false)
#7 C:\xampp\htdocs\fil_rouge_code_igniter\system\BaseModel.php(658): CodeIgniter\Model->insert(Array, false)
#8 C:\xampp\htdocs\fil_rouge_code_igniter\app\Controllers\Tags.php(40): CodeIgniter\BaseModel->save(Array)
#9 C:\xampp\htdocs\fil_rouge_code_igniter\system\CodeIgniter.php(832): App\Controllers\Tags->add_tag()
#10 C:\xampp\htdocs\fil_rouge_code_igniter\system\CodeIgniter.php(419): CodeIgniter\CodeIgniter->runController(Object(App\Controllers\Tags))
#11 C:\xampp\htdocs\fil_rouge_code_igniter\system\CodeIgniter.php(326): CodeIgniter\CodeIgniter->handleRequest(NULL, Object(Config\Cache), false)
#12 C:\xampp\htdocs\fil_rouge_code_igniter\public\index.php(39): CodeIgniter\CodeIgniter->run()
#13 {main}
ERROR - 2022-04-08 08:17:48 --> Unknown column 'created_at' in 'field list'
CRITICAL - 2022-04-08 08:17:48 --> Unknown column 'created_at' in 'field list'
#0 C:\xampp\htdocs\fil_rouge_code_igniter\system\Database\MySQLi\Connection.php(292): mysqli->query('INSERT INTO `ta...', 0)
#1 C:\xampp\htdocs\fil_rouge_code_igniter\system\Database\BaseConnection.php(670): CodeIgniter\Database\MySQLi\Connection->execute('INSERT INTO `ta...')
#2 C:\xampp\htdocs\fil_rouge_code_igniter\system\Database\BaseConnection.php(598): CodeIgniter\Database\BaseConnection->simpleQuery('INSERT INTO `ta...')
#3 C:\xampp\htdocs\fil_rouge_code_igniter\system\Database\BaseBuilder.php(1771): CodeIgniter\Database\BaseConnection->query('INSERT INTO `ta...', Array, false)
#4 C:\xampp\htdocs\fil_rouge_code_igniter\system\Model.php(239): CodeIgniter\Database\BaseBuilder->insert()
#5 C:\xampp\htdocs\fil_rouge_code_igniter\system\BaseModel.php(738): CodeIgniter\Model->doInsert(Array)
#6 C:\xampp\htdocs\fil_rouge_code_igniter\system\Model.php(625): CodeIgniter\BaseModel->insert(Array, false)
#7 C:\xampp\htdocs\fil_rouge_code_igniter\system\BaseModel.php(658): CodeIgniter\Model->insert(Array, false)
#8 C:\xampp\htdocs\fil_rouge_code_igniter\app\Controllers\Tags.php(40): CodeIgniter\BaseModel->save(Array)
#9 C:\xampp\htdocs\fil_rouge_code_igniter\system\CodeIgniter.php(832): App\Controllers\Tags->add_tag()
#10 C:\xampp\htdocs\fil_rouge_code_igniter\system\CodeIgniter.php(419): CodeIgniter\CodeIgniter->runController(Object(App\Controllers\Tags))
#11 C:\xampp\htdocs\fil_rouge_code_igniter\system\CodeIgniter.php(326): CodeIgniter\CodeIgniter->handleRequest(NULL, Object(Config\Cache), false)
#12 C:\xampp\htdocs\fil_rouge_code_igniter\public\index.php(39): CodeIgniter\CodeIgniter->run()
#13 {main}
ERROR - 2022-04-08 08:18:23 --> Unknown column 'updated_at' in 'field list'
CRITICAL - 2022-04-08 08:18:23 --> Unknown column 'updated_at' in 'field list'
#0 C:\xampp\htdocs\fil_rouge_code_igniter\system\Database\MySQLi\Connection.php(292): mysqli->query('INSERT INTO `ta...', 0)
#1 C:\xampp\htdocs\fil_rouge_code_igniter\system\Database\BaseConnection.php(670): CodeIgniter\Database\MySQLi\Connection->execute('INSERT INTO `ta...')
#2 C:\xampp\htdocs\fil_rouge_code_igniter\system\Database\BaseConnection.php(598): CodeIgniter\Database\BaseConnection->simpleQuery('INSERT INTO `ta...')
#3 C:\xampp\htdocs\fil_rouge_code_igniter\system\Database\BaseBuilder.php(1771): CodeIgniter\Database\BaseConnection->query('INSERT INTO `ta...', Array, false)
#4 C:\xampp\htdocs\fil_rouge_code_igniter\system\Model.php(239): CodeIgniter\Database\BaseBuilder->insert()
#5 C:\xampp\htdocs\fil_rouge_code_igniter\system\BaseModel.php(738): CodeIgniter\Model->doInsert(Array)
#6 C:\xampp\htdocs\fil_rouge_code_igniter\system\Model.php(625): CodeIgniter\BaseModel->insert(Array, false)
#7 C:\xampp\htdocs\fil_rouge_code_igniter\system\BaseModel.php(658): CodeIgniter\Model->insert(Array, false)
#8 C:\xampp\htdocs\fil_rouge_code_igniter\app\Controllers\Tags.php(40): CodeIgniter\BaseModel->save(Array)
#9 C:\xampp\htdocs\fil_rouge_code_igniter\system\CodeIgniter.php(832): App\Controllers\Tags->add_tag()
#10 C:\xampp\htdocs\fil_rouge_code_igniter\system\CodeIgniter.php(419): CodeIgniter\CodeIgniter->runController(Object(App\Controllers\Tags))
#11 C:\xampp\htdocs\fil_rouge_code_igniter\system\CodeIgniter.php(326): CodeIgniter\CodeIgniter->handleRequest(NULL, Object(Config\Cache), false)
#12 C:\xampp\htdocs\fil_rouge_code_igniter\public\index.php(39): CodeIgniter\CodeIgniter->run()
#13 {main}
