CRITICAL - 2022-05-28 05:16:02 --> Invalid file: common/header.php
#0 C:\wamp64\www\fil_rouge_eshop\system\View\View.php(198): CodeIgniter\Exceptions\FrameworkException::forInvalidFile('common/header.p...')
#1 C:\wamp64\www\fil_rouge_eshop\system\Common.php(1089): CodeIgniter\View\View->render('common/header.p...', Array, true)
#2 C:\wamp64\www\fil_rouge_eshop\app\Controllers\Home.php(9): view('common/header.p...')
#3 C:\wamp64\www\fil_rouge_eshop\system\CodeIgniter.php(832): App\Controllers\Home->index()
#4 C:\wamp64\www\fil_rouge_eshop\system\CodeIgniter.php(419): CodeIgniter\CodeIgniter->runController(Object(App\Controllers\Home))
#5 C:\wamp64\www\fil_rouge_eshop\system\CodeIgniter.php(326): CodeIgniter\CodeIgniter->handleRequest(NULL, Object(Config\Cache), false)
#6 C:\wamp64\www\fil_rouge_eshop\public\index.php(37): CodeIgniter\CodeIgniter->run()
#7 {main}
CRITICAL - 2022-05-28 05:19:17 --> Invalid file: ../common/header.php
#0 C:\wamp64\www\fil_rouge_eshop\system\View\View.php(198): CodeIgniter\Exceptions\FrameworkException::forInvalidFile('../common/heade...')
#1 C:\wamp64\www\fil_rouge_eshop\system\Common.php(1089): CodeIgniter\View\View->render('../common/heade...', Array, true)
#2 C:\wamp64\www\fil_rouge_eshop\app\Controllers\Home.php(9): view('../common/heade...')
#3 C:\wamp64\www\fil_rouge_eshop\system\CodeIgniter.php(832): App\Controllers\Home->index()
#4 C:\wamp64\www\fil_rouge_eshop\system\CodeIgniter.php(419): CodeIgniter\CodeIgniter->runController(Object(App\Controllers\Home))
#5 C:\wamp64\www\fil_rouge_eshop\system\CodeIgniter.php(326): CodeIgniter\CodeIgniter->handleRequest(NULL, Object(Config\Cache), false)
#6 C:\wamp64\www\fil_rouge_eshop\public\index.php(37): CodeIgniter\CodeIgniter->run()
#7 {main}
CRITICAL - 2022-05-28 05:21:15 --> Invalid file: /Views/common/V_Header.php
#0 C:\wamp64\www\fil_rouge_eshop\system\View\View.php(198): CodeIgniter\Exceptions\FrameworkException::forInvalidFile('/Views/common/V...')
#1 C:\wamp64\www\fil_rouge_eshop\system\Common.php(1089): CodeIgniter\View\View->render('/Views/common/V...', Array, true)
#2 C:\wamp64\www\fil_rouge_eshop\app\Controllers\Home.php(9): view('/Views/common/V...')
#3 C:\wamp64\www\fil_rouge_eshop\system\CodeIgniter.php(832): App\Controllers\Home->index()
#4 C:\wamp64\www\fil_rouge_eshop\system\CodeIgniter.php(419): CodeIgniter\CodeIgniter->runController(Object(App\Controllers\Home))
#5 C:\wamp64\www\fil_rouge_eshop\system\CodeIgniter.php(326): CodeIgniter\CodeIgniter->handleRequest(NULL, Object(Config\Cache), false)
#6 C:\wamp64\www\fil_rouge_eshop\public\index.php(37): CodeIgniter\CodeIgniter->run()
#7 {main}
CRITICAL - 2022-05-28 05:21:53 --> Invalid file: ./Views/common/V_Header.php
#0 C:\wamp64\www\fil_rouge_eshop\system\View\View.php(198): CodeIgniter\Exceptions\FrameworkException::forInvalidFile('./Views/common/...')
#1 C:\wamp64\www\fil_rouge_eshop\system\Common.php(1089): CodeIgniter\View\View->render('./Views/common/...', Array, true)
#2 C:\wamp64\www\fil_rouge_eshop\app\Controllers\Home.php(9): view('./Views/common/...')
#3 C:\wamp64\www\fil_rouge_eshop\system\CodeIgniter.php(832): App\Controllers\Home->index()
#4 C:\wamp64\www\fil_rouge_eshop\system\CodeIgniter.php(419): CodeIgniter\CodeIgniter->runController(Object(App\Controllers\Home))
#5 C:\wamp64\www\fil_rouge_eshop\system\CodeIgniter.php(326): CodeIgniter\CodeIgniter->handleRequest(NULL, Object(Config\Cache), false)
#6 C:\wamp64\www\fil_rouge_eshop\public\index.php(37): CodeIgniter\CodeIgniter->run()
#7 {main}
CRITICAL - 2022-05-28 05:22:32 --> Invalid file: /fil_rouge_eshop/public/Views/common/V_Header.php
#0 C:\wamp64\www\fil_rouge_eshop\system\View\View.php(198): CodeIgniter\Exceptions\FrameworkException::forInvalidFile('/fil_rouge_esho...')
#1 C:\wamp64\www\fil_rouge_eshop\system\Common.php(1089): CodeIgniter\View\View->render('/fil_rouge_esho...', Array, true)
#2 C:\wamp64\www\fil_rouge_eshop\app\Controllers\Home.php(9): view('/fil_rouge_esho...')
#3 C:\wamp64\www\fil_rouge_eshop\system\CodeIgniter.php(832): App\Controllers\Home->index()
#4 C:\wamp64\www\fil_rouge_eshop\system\CodeIgniter.php(419): CodeIgniter\CodeIgniter->runController(Object(App\Controllers\Home))
#5 C:\wamp64\www\fil_rouge_eshop\system\CodeIgniter.php(326): CodeIgniter\CodeIgniter->handleRequest(NULL, Object(Config\Cache), false)
#6 C:\wamp64\www\fil_rouge_eshop\public\index.php(37): CodeIgniter\CodeIgniter->run()
#7 {main}
CRITICAL - 2022-05-28 05:22:35 --> Invalid file: /fil_rouge_eshop/public/Views/common/V_Header.php
#0 C:\wamp64\www\fil_rouge_eshop\system\View\View.php(198): CodeIgniter\Exceptions\FrameworkException::forInvalidFile('/fil_rouge_esho...')
#1 C:\wamp64\www\fil_rouge_eshop\system\Common.php(1089): CodeIgniter\View\View->render('/fil_rouge_esho...', Array, true)
#2 C:\wamp64\www\fil_rouge_eshop\app\Controllers\Home.php(9): view('/fil_rouge_esho...')
#3 C:\wamp64\www\fil_rouge_eshop\system\CodeIgniter.php(832): App\Controllers\Home->index()
#4 C:\wamp64\www\fil_rouge_eshop\system\CodeIgniter.php(419): CodeIgniter\CodeIgniter->runController(Object(App\Controllers\Home))
#5 C:\wamp64\www\fil_rouge_eshop\system\CodeIgniter.php(326): CodeIgniter\CodeIgniter->handleRequest(NULL, Object(Config\Cache), false)
#6 C:\wamp64\www\fil_rouge_eshop\public\index.php(37): CodeIgniter\CodeIgniter->run()
#7 {main}
CRITICAL - 2022-05-28 05:22:37 --> Invalid file: /fil_rouge_eshop/public/Views/common/V_Header.php
#0 C:\wamp64\www\fil_rouge_eshop\system\View\View.php(198): CodeIgniter\Exceptions\FrameworkException::forInvalidFile('/fil_rouge_esho...')
#1 C:\wamp64\www\fil_rouge_eshop\system\Common.php(1089): CodeIgniter\View\View->render('/fil_rouge_esho...', Array, true)
#2 C:\wamp64\www\fil_rouge_eshop\app\Controllers\Home.php(9): view('/fil_rouge_esho...')
#3 C:\wamp64\www\fil_rouge_eshop\system\CodeIgniter.php(832): App\Controllers\Home->index()
#4 C:\wamp64\www\fil_rouge_eshop\system\CodeIgniter.php(419): CodeIgniter\CodeIgniter->runController(Object(App\Controllers\Home))
#5 C:\wamp64\www\fil_rouge_eshop\system\CodeIgniter.php(326): CodeIgniter\CodeIgniter->handleRequest(NULL, Object(Config\Cache), false)
#6 C:\wamp64\www\fil_rouge_eshop\public\index.php(37): CodeIgniter\CodeIgniter->run()
#7 {main}
CRITICAL - 2022-05-28 05:22:37 --> Invalid file: /fil_rouge_eshop/public/Views/common/V_Header.php
#0 C:\wamp64\www\fil_rouge_eshop\system\View\View.php(198): CodeIgniter\Exceptions\FrameworkException::forInvalidFile('/fil_rouge_esho...')
#1 C:\wamp64\www\fil_rouge_eshop\system\Common.php(1089): CodeIgniter\View\View->render('/fil_rouge_esho...', Array, true)
#2 C:\wamp64\www\fil_rouge_eshop\app\Controllers\Home.php(9): view('/fil_rouge_esho...')
#3 C:\wamp64\www\fil_rouge_eshop\system\CodeIgniter.php(832): App\Controllers\Home->index()
#4 C:\wamp64\www\fil_rouge_eshop\system\CodeIgniter.php(419): CodeIgniter\CodeIgniter->runController(Object(App\Controllers\Home))
#5 C:\wamp64\www\fil_rouge_eshop\system\CodeIgniter.php(326): CodeIgniter\CodeIgniter->handleRequest(NULL, Object(Config\Cache), false)
#6 C:\wamp64\www\fil_rouge_eshop\public\index.php(37): CodeIgniter\CodeIgniter->run()
#7 {main}
CRITICAL - 2022-05-28 05:22:37 --> Invalid file: /fil_rouge_eshop/public/Views/common/V_Header.php
#0 C:\wamp64\www\fil_rouge_eshop\system\View\View.php(198): CodeIgniter\Exceptions\FrameworkException::forInvalidFile('/fil_rouge_esho...')
#1 C:\wamp64\www\fil_rouge_eshop\system\Common.php(1089): CodeIgniter\View\View->render('/fil_rouge_esho...', Array, true)
#2 C:\wamp64\www\fil_rouge_eshop\app\Controllers\Home.php(9): view('/fil_rouge_esho...')
#3 C:\wamp64\www\fil_rouge_eshop\system\CodeIgniter.php(832): App\Controllers\Home->index()
#4 C:\wamp64\www\fil_rouge_eshop\system\CodeIgniter.php(419): CodeIgniter\CodeIgniter->runController(Object(App\Controllers\Home))
#5 C:\wamp64\www\fil_rouge_eshop\system\CodeIgniter.php(326): CodeIgniter\CodeIgniter->handleRequest(NULL, Object(Config\Cache), false)
#6 C:\wamp64\www\fil_rouge_eshop\public\index.php(37): CodeIgniter\CodeIgniter->run()
#7 {main}
CRITICAL - 2022-05-28 05:22:38 --> Invalid file: /fil_rouge_eshop/public/Views/common/V_Header.php
#0 C:\wamp64\www\fil_rouge_eshop\system\View\View.php(198): CodeIgniter\Exceptions\FrameworkException::forInvalidFile('/fil_rouge_esho...')
#1 C:\wamp64\www\fil_rouge_eshop\system\Common.php(1089): CodeIgniter\View\View->render('/fil_rouge_esho...', Array, true)
#2 C:\wamp64\www\fil_rouge_eshop\app\Controllers\Home.php(9): view('/fil_rouge_esho...')
#3 C:\wamp64\www\fil_rouge_eshop\system\CodeIgniter.php(832): App\Controllers\Home->index()
#4 C:\wamp64\www\fil_rouge_eshop\system\CodeIgniter.php(419): CodeIgniter\CodeIgniter->runController(Object(App\Controllers\Home))
#5 C:\wamp64\www\fil_rouge_eshop\system\CodeIgniter.php(326): CodeIgniter\CodeIgniter->handleRequest(NULL, Object(Config\Cache), false)
#6 C:\wamp64\www\fil_rouge_eshop\public\index.php(37): CodeIgniter\CodeIgniter->run()
#7 {main}
CRITICAL - 2022-05-28 05:22:38 --> Invalid file: /fil_rouge_eshop/public/Views/common/V_Header.php
#0 C:\wamp64\www\fil_rouge_eshop\system\View\View.php(198): CodeIgniter\Exceptions\FrameworkException::forInvalidFile('/fil_rouge_esho...')
#1 C:\wamp64\www\fil_rouge_eshop\system\Common.php(1089): CodeIgniter\View\View->render('/fil_rouge_esho...', Array, true)
#2 C:\wamp64\www\fil_rouge_eshop\app\Controllers\Home.php(9): view('/fil_rouge_esho...')
#3 C:\wamp64\www\fil_rouge_eshop\system\CodeIgniter.php(832): App\Controllers\Home->index()
#4 C:\wamp64\www\fil_rouge_eshop\system\CodeIgniter.php(419): CodeIgniter\CodeIgniter->runController(Object(App\Controllers\Home))
#5 C:\wamp64\www\fil_rouge_eshop\system\CodeIgniter.php(326): CodeIgniter\CodeIgniter->handleRequest(NULL, Object(Config\Cache), false)
#6 C:\wamp64\www\fil_rouge_eshop\public\index.php(37): CodeIgniter\CodeIgniter->run()
#7 {main}
CRITICAL - 2022-05-28 05:23:53 --> Invalid file: ./Views/common/V_Header.php
#0 C:\wamp64\www\fil_rouge_eshop\system\View\View.php(198): CodeIgniter\Exceptions\FrameworkException::forInvalidFile('./Views/common/...')
#1 C:\wamp64\www\fil_rouge_eshop\system\Common.php(1089): CodeIgniter\View\View->render('./Views/common/...', Array, true)
#2 C:\wamp64\www\fil_rouge_eshop\app\Controllers\Home.php(9): view('./Views/common/...')
#3 C:\wamp64\www\fil_rouge_eshop\system\CodeIgniter.php(832): App\Controllers\Home->index()
#4 C:\wamp64\www\fil_rouge_eshop\system\CodeIgniter.php(419): CodeIgniter\CodeIgniter->runController(Object(App\Controllers\Home))
#5 C:\wamp64\www\fil_rouge_eshop\system\CodeIgniter.php(326): CodeIgniter\CodeIgniter->handleRequest(NULL, Object(Config\Cache), false)
#6 C:\wamp64\www\fil_rouge_eshop\public\index.php(37): CodeIgniter\CodeIgniter->run()
#7 {main}
CRITICAL - 2022-05-28 05:24:01 --> syntax error, unexpected end of file, expecting function (T_FUNCTION) or const (T_CONST)
#0 C:\wamp64\www\fil_rouge_eshop\system\Router\Router.php(175): CodeIgniter\Router\Router->autoRoute('home')
#1 C:\wamp64\www\fil_rouge_eshop\system\CodeIgniter.php(726): CodeIgniter\Router\Router->handle('home')
#2 C:\wamp64\www\fil_rouge_eshop\system\CodeIgniter.php(368): CodeIgniter\CodeIgniter->tryToRouteIt(Object(CodeIgniter\Router\RouteCollection))
#3 C:\wamp64\www\fil_rouge_eshop\system\CodeIgniter.php(326): CodeIgniter\CodeIgniter->handleRequest(NULL, Object(Config\Cache), false)
#4 C:\wamp64\www\fil_rouge_eshop\public\index.php(37): CodeIgniter\CodeIgniter->run()
#5 {main}
CRITICAL - 2022-05-28 05:24:08 --> syntax error, unexpected end of file, expecting function (T_FUNCTION) or const (T_CONST)
#0 C:\wamp64\www\fil_rouge_eshop\system\Router\Router.php(175): CodeIgniter\Router\Router->autoRoute('home/index')
#1 C:\wamp64\www\fil_rouge_eshop\system\CodeIgniter.php(726): CodeIgniter\Router\Router->handle('home/index')
#2 C:\wamp64\www\fil_rouge_eshop\system\CodeIgniter.php(368): CodeIgniter\CodeIgniter->tryToRouteIt(Object(CodeIgniter\Router\RouteCollection))
#3 C:\wamp64\www\fil_rouge_eshop\system\CodeIgniter.php(326): CodeIgniter\CodeIgniter->handleRequest(NULL, Object(Config\Cache), false)
#4 C:\wamp64\www\fil_rouge_eshop\public\index.php(37): CodeIgniter\CodeIgniter->run()
#5 {main}
CRITICAL - 2022-05-28 05:24:29 --> Invalid file: ./Views/common/V_Header.php
#0 C:\wamp64\www\fil_rouge_eshop\system\View\View.php(198): CodeIgniter\Exceptions\FrameworkException::forInvalidFile('./Views/common/...')
#1 C:\wamp64\www\fil_rouge_eshop\system\Common.php(1089): CodeIgniter\View\View->render('./Views/common/...', Array, true)
#2 C:\wamp64\www\fil_rouge_eshop\app\Controllers\Home.php(9): view('./Views/common/...')
#3 C:\wamp64\www\fil_rouge_eshop\system\CodeIgniter.php(832): App\Controllers\Home->index()
#4 C:\wamp64\www\fil_rouge_eshop\system\CodeIgniter.php(419): CodeIgniter\CodeIgniter->runController(Object(App\Controllers\Home))
#5 C:\wamp64\www\fil_rouge_eshop\system\CodeIgniter.php(326): CodeIgniter\CodeIgniter->handleRequest(NULL, Object(Config\Cache), false)
#6 C:\wamp64\www\fil_rouge_eshop\public\index.php(37): CodeIgniter\CodeIgniter->run()
#7 {main}
